#
# There is insufficient memory for the Java Runtime Environment to continue.
# Native memory allocation (malloc) failed to allocate 602256 bytes for Chunk::new
# Possible reasons:
#   The system is out of physical RAM or swap space
#   The process is running with CompressedOops enabled, and the Java Heap may be blocking the growth of the native heap
# Possible solutions:
#   Reduce memory load on the system
#   Increase physical memory or swap space
#   Check if swap backing store is full
#   Decrease Java heap size (-Xmx/-Xms)
#   Decrease number of Java threads
#   Decrease Java thread stack sizes (-Xss)
#   Set larger code cache with -XX:ReservedCodeCacheSize=
#   JVM is running with Unscaled Compressed Oops mode in which the Java heap is
#     placed in the first 4GB address space. The Java Heap base address is the
#     maximum limit for the native heap growth. Please use -XX:HeapBaseMinAddress
#     to set the Java Heap base and to place the Java Heap above 4GB virtual address.
# This output file may be truncated or incomplete.
#
#  Out of Memory Error (arena.cpp:189), pid=14824, tid=6280
#
# JRE version: OpenJDK Runtime Environment (17.0.6) (build 17.0.6+0-b2043.56-9586694)
# Java VM: OpenJDK 64-Bit Server VM (17.0.6+0-b2043.56-9586694, mixed mode, tiered, compressed oops, compressed class ptrs, g1 gc, windows-amd64)
# No core dump will be written. Minidumps are not enabled by default on client versions of Windows
#

---------------  S U M M A R Y ------------

Command Line: --add-opens=java.base/java.util=ALL-UNNAMED --add-opens=java.base/java.lang=ALL-UNNAMED --add-opens=java.base/java.lang.invoke=ALL-UNNAMED --add-opens=java.prefs/java.util.prefs=ALL-UNNAMED --add-opens=java.base/java.nio.charset=ALL-UNNAMED --add-opens=java.base/java.net=ALL-UNNAMED --add-opens=java.base/java.util.concurrent.atomic=ALL-UNNAMED -Xmx2048m -Dfile.encoding=UTF-8 -Duser.country=US -Duser.language=en -Duser.variant org.gradle.launcher.daemon.bootstrap.GradleDaemon 8.0

Host: Intel(R) Core(TM) i7-1065G7 CPU @ 1.30GHz, 8 cores, 15G,  Windows 10 , 64 bit Build 19041 (10.0.19041.2913)
Time: Tue Jun  6 14:41:24 2023 Arabian Standard Time elapsed time: 3.452832 seconds (0d 0h 0m 3s)

---------------  T H R E A D  ---------------

Current thread (0x0000019c7407c340):  JavaThread "C2 CompilerThread0" daemon [_thread_in_native, id=6280, stack(0x00000036b8d00000,0x00000036b8e00000)]


Current CompileTask:
C2:   3452 2492   !   4       java.net.URL::<init> (543 bytes)

Stack: [0x00000036b8d00000,0x00000036b8e00000]
Native frames: (J=compiled Java code, j=interpreted, Vv=VM code, C=native code)
V  [jvm.dll+0x683b4a]
V  [jvm.dll+0x842654]
V  [jvm.dll+0x843dfe]
V  [jvm.dll+0x844463]
V  [jvm.dll+0x249b75]
V  [jvm.dll+0xabcac]
V  [jvm.dll+0xac27c]
V  [jvm.dll+0x2b0eef]
V  [jvm.dll+0x58a207]
V  [jvm.dll+0x2243b2]
V  [jvm.dll+0x22478f]
V  [jvm.dll+0x21e055]
V  [jvm.dll+0x21b51b]
V  [jvm.dll+0x1a4fdd]
V  [jvm.dll+0x22b098]
V  [jvm.dll+0x229159]
V  [jvm.dll+0x7f809c]
V  [jvm.dll+0x7f25fa]
V  [jvm.dll+0x682985]
C  [ucrtbase.dll+0x21bb2]
C  [KERNEL32.DLL+0x17614]
C  [ntdll.dll+0x526a1]


---------------  P R O C E S S  ---------------

Threads class SMR info:
_java_thread_list=0x0000019c778af9d0, length=29, elements={
0x0000019c596faa70, 0x0000019c74012910, 0x0000019c740148f0, 0x0000019c7406b440,
0x0000019c74075850, 0x0000019c74083ee0, 0x0000019c740826d0, 0x0000019c7407c340,
0x0000019c7407d100, 0x0000019c74098bf0, 0x0000019c74083a10, 0x0000019c740843b0,
0x0000019c74084d50, 0x0000019c74085220, 0x0000019c74082ba0, 0x0000019c74081860,
0x0000019c74083070, 0x0000019c74081d30, 0x0000019c74083540, 0x0000019c74082200,
0x0000019c7665eaa0, 0x0000019c76659da0, 0x0000019c7665a270, 0x0000019c7665ba80,
0x0000019c7665b5b0, 0x0000019c76d505d0, 0x0000019c7728cd00, 0x0000019c76658a60,
0x0000019c76657bf0
}

Java Threads: ( => current thread )
  0x0000019c596faa70 JavaThread "main" [_thread_blocked, id=15084, stack(0x00000036b8000000,0x00000036b8100000)]
  0x0000019c74012910 JavaThread "Reference Handler" daemon [_thread_blocked, id=9300, stack(0x00000036b8700000,0x00000036b8800000)]
  0x0000019c740148f0 JavaThread "Finalizer" daemon [_thread_blocked, id=10852, stack(0x00000036b8800000,0x00000036b8900000)]
  0x0000019c7406b440 JavaThread "Signal Dispatcher" daemon [_thread_blocked, id=3916, stack(0x00000036b8900000,0x00000036b8a00000)]
  0x0000019c74075850 JavaThread "Attach Listener" daemon [_thread_blocked, id=9692, stack(0x00000036b8a00000,0x00000036b8b00000)]
  0x0000019c74083ee0 JavaThread "Service Thread" daemon [_thread_blocked, id=9432, stack(0x00000036b8b00000,0x00000036b8c00000)]
  0x0000019c740826d0 JavaThread "Monitor Deflation Thread" daemon [_thread_blocked, id=5660, stack(0x00000036b8c00000,0x00000036b8d00000)]
=>0x0000019c7407c340 JavaThread "C2 CompilerThread0" daemon [_thread_in_native, id=6280, stack(0x00000036b8d00000,0x00000036b8e00000)]
  0x0000019c7407d100 JavaThread "C1 CompilerThread0" daemon [_thread_blocked, id=15304, stack(0x00000036b8e00000,0x00000036b8f00000)]
  0x0000019c74098bf0 JavaThread "Sweeper thread" daemon [_thread_blocked, id=12552, stack(0x00000036b8f00000,0x00000036b9000000)]
  0x0000019c74083a10 JavaThread "Common-Cleaner" daemon [_thread_blocked, id=14792, stack(0x00000036b9000000,0x00000036b9100000)]
  0x0000019c740843b0 JavaThread "Notification Thread" daemon [_thread_blocked, id=5456, stack(0x00000036b9100000,0x00000036b9200000)]
  0x0000019c74084d50 JavaThread "Daemon health stats" [_thread_blocked, id=7900, stack(0x00000036b9a00000,0x00000036b9b00000)]
  0x0000019c74085220 JavaThread "Incoming local TCP Connector on port 58832" [_thread_in_native, id=2820, stack(0x00000036b9b00000,0x00000036b9c00000)]
  0x0000019c74082ba0 JavaThread "Daemon periodic checks" [_thread_blocked, id=8776, stack(0x00000036b9c00000,0x00000036b9d00000)]
  0x0000019c74081860 JavaThread "Daemon" [_thread_blocked, id=5604, stack(0x00000036b9d00000,0x00000036b9e00000)]
  0x0000019c74083070 JavaThread "Handler for socket connection from /127.0.0.1:58832 to /127.0.0.1:58833" [_thread_in_native, id=14604, stack(0x00000036b9e00000,0x00000036b9f00000)]
  0x0000019c74081d30 JavaThread "Cancel handler" [_thread_blocked, id=996, stack(0x00000036b9f00000,0x00000036ba000000)]
  0x0000019c74083540 JavaThread "Daemon worker" [_thread_in_Java, id=14312, stack(0x00000036ba000000,0x00000036ba100000)]
  0x0000019c74082200 JavaThread "Asynchronous log dispatcher for DefaultDaemonConnection: socket connection from /127.0.0.1:58832 to /127.0.0.1:58833" [_thread_blocked, id=9344, stack(0x00000036ba100000,0x00000036ba200000)]
  0x0000019c7665eaa0 JavaThread "Stdin handler" [_thread_blocked, id=13340, stack(0x00000036ba200000,0x00000036ba300000)]
  0x0000019c76659da0 JavaThread "Daemon client event forwarder" [_thread_blocked, id=13648, stack(0x00000036ba300000,0x00000036ba400000)]
  0x0000019c7665a270 JavaThread "Cache worker for journal cache (C:\Users\hibae\.gradle\caches\journal-1)" [_thread_blocked, id=15232, stack(0x00000036ba600000,0x00000036ba700000)]
  0x0000019c7665ba80 JavaThread "File lock request listener" [_thread_in_native, id=8244, stack(0x00000036ba700000,0x00000036ba800000)]
  0x0000019c7665b5b0 JavaThread "Cache worker for file hash cache (C:\Users\hibae\.gradle\caches\8.0\fileHashes)" [_thread_blocked, id=2684, stack(0x00000036b9300000,0x00000036b9400000)]
  0x0000019c76d505d0 JavaThread "C2 CompilerThread1" daemon [_thread_blocked, id=11844, stack(0x00000036ba800000,0x00000036ba900000)]
  0x0000019c7728cd00 JavaThread "C2 CompilerThread2" daemon [_thread_blocked, id=12328, stack(0x00000036ba900000,0x00000036baa00000)]
  0x0000019c76658a60 JavaThread "File watcher server" daemon [_thread_in_native, id=8464, stack(0x00000036baa00000,0x00000036bab00000)]
  0x0000019c76657bf0 JavaThread "File watcher consumer" daemon [_thread_blocked, id=10132, stack(0x00000036bab00000,0x00000036bac00000)]

Other Threads:
  0x0000019c7357e660 VMThread "VM Thread" [stack: 0x00000036b8600000,0x00000036b8700000] [id=14460]
  0x0000019c5977bc30 WatcherThread [stack: 0x00000036b9200000,0x00000036b9300000] [id=8880]
  0x0000019c59759e60 GCTaskThread "GC Thread#0" [stack: 0x00000036b8100000,0x00000036b8200000] [id=2432]
  0x0000019c75113060 GCTaskThread "GC Thread#1" [stack: 0x00000036b9500000,0x00000036b9600000] [id=8688]
  0x0000019c74d4fe40 GCTaskThread "GC Thread#2" [stack: 0x00000036b9600000,0x00000036b9700000] [id=3644]
  0x0000019c74d500f0 GCTaskThread "GC Thread#3" [stack: 0x00000036b9700000,0x00000036b9800000] [id=10996]
  0x0000019c74e13030 GCTaskThread "GC Thread#4" [stack: 0x00000036b9800000,0x00000036b9900000] [id=2216]
  0x0000019c74e132e0 GCTaskThread "GC Thread#5" [stack: 0x00000036b9900000,0x00000036b9a00000] [id=13296]
  0x0000019c768ee550 GCTaskThread "GC Thread#6" [stack: 0x00000036b9400000,0x00000036b9500000] [id=14060]
  0x0000019c74f1eb90 GCTaskThread "GC Thread#7" [stack: 0x00000036ba400000,0x00000036ba500000] [id=15328]
  0x0000019c5976acb0 ConcurrentGCThread "G1 Main Marker" [stack: 0x00000036b8200000,0x00000036b8300000] [id=13140]
  0x0000019c5976b5d0 ConcurrentGCThread "G1 Conc#0" [stack: 0x00000036b8300000,0x00000036b8400000] [id=8812]
  0x0000019c773d0ca0 ConcurrentGCThread "G1 Conc#1" [stack: 0x00000036ba500000,0x00000036ba600000] [id=4968]
  0x0000019c733fa1a0 ConcurrentGCThread "G1 Refine#0" [stack: 0x00000036b8400000,0x00000036b8500000] [id=716]
  0x0000019c733fbae0 ConcurrentGCThread "G1 Service" [stack: 0x00000036b8500000,0x00000036b8600000] [id=13956]

Threads with active compile tasks:
C2 CompilerThread0     3468 2492   !   4       java.net.URL::<init> (543 bytes)
C1 CompilerThread0     3468 2505   !   3       org.gradle.internal.reflect.JavaMethod::invoke (74 bytes)

VM state: not at safepoint (normal execution)

VM Mutex/Monitor currently owned by a thread: None

Heap address: 0x0000000080000000, size: 2048 MB, Compressed Oops mode: 32-bit

CDS archive(s) not mapped
Compressed class space mapped at: 0x0000000100000000-0x0000000140000000, reserved size: 1073741824
Narrow klass base: 0x0000000000000000, Narrow klass shift: 3, Narrow klass range: 0x140000000

GC Precious Log:
 CPUs: 8 total, 8 available
 Memory: 16137M
 Large Page Support: Disabled
 NUMA Support: Disabled
 Compressed Oops: Enabled (32-bit)
 Heap Region Size: 1M
 Heap Min Capacity: 8M
 Heap Initial Capacity: 254M
 Heap Max Capacity: 2G
 Pre-touch: Disabled
 Parallel Workers: 8
 Concurrent Workers: 2
 Concurrent Refinement Workers: 8
 Periodic GC: Disabled

Heap:
 garbage-first heap   total 65536K, used 38806K [0x0000000080000000, 0x0000000100000000)
  region size 1024K, 25 young (25600K), 6 survivors (6144K)
 Metaspace       used 29218K, committed 29440K, reserved 1081344K
  class space    used 3931K, committed 4032K, reserved 1048576K

Heap Regions: E=young(eden), S=young(survivor), O=old, HS=humongous(starts), HC=humongous(continues), CS=collection set, F=free, OA=open archive, CA=closed archive, TAMS=top-at-mark-start (previous, next)
|   0|0x0000000080000000, 0x0000000080100000, 0x0000000080100000|100%|HS|  |TAMS 0x0000000080100000, 0x0000000080000000| Complete 
|   1|0x0000000080100000, 0x0000000080200000, 0x0000000080200000|100%|HC|  |TAMS 0x0000000080200000, 0x0000000080100000| Complete 
|   2|0x0000000080200000, 0x0000000080300000, 0x0000000080300000|100%|HC|  |TAMS 0x0000000080300000, 0x0000000080200000| Complete 
|   3|0x0000000080300000, 0x0000000080400000, 0x0000000080400000|100%|HC|  |TAMS 0x0000000080400000, 0x0000000080300000| Complete 
|   4|0x0000000080400000, 0x0000000080500000, 0x0000000080500000|100%| O|  |TAMS 0x0000000080500000, 0x0000000080400000| Untracked 
|   5|0x0000000080500000, 0x0000000080600000, 0x0000000080600000|100%| O|  |TAMS 0x0000000080600000, 0x0000000080500000| Untracked 
|   6|0x0000000080600000, 0x0000000080700000, 0x0000000080700000|100%| O|  |TAMS 0x0000000080700000, 0x0000000080600000| Untracked 
|   7|0x0000000080700000, 0x0000000080800000, 0x0000000080800000|100%| O|  |TAMS 0x0000000080700000, 0x0000000080700000| Untracked 
|   8|0x0000000080800000, 0x0000000080900000, 0x0000000080900000|100%| O|  |TAMS 0x0000000080900000, 0x0000000080800000| Untracked 
|   9|0x0000000080900000, 0x0000000080a00000, 0x0000000080a00000|100%| O|  |TAMS 0x0000000080a00000, 0x0000000080900000| Untracked 
|  10|0x0000000080a00000, 0x0000000080b00000, 0x0000000080b00000|100%| O|  |TAMS 0x0000000080b00000, 0x0000000080a00000| Untracked 
|  11|0x0000000080b00000, 0x0000000080c00000, 0x0000000080c00000|100%| O|  |TAMS 0x0000000080b00000, 0x0000000080b00000| Untracked 
|  12|0x0000000080c00000, 0x0000000080d00000, 0x0000000080d00000|100%| O|  |TAMS 0x0000000080c00000, 0x0000000080c00000| Untracked 
|  13|0x0000000080d00000, 0x0000000080df4c00, 0x0000000080e00000| 95%| O|  |TAMS 0x0000000080d00000, 0x0000000080d00000| Untracked 
|  14|0x0000000080e00000, 0x0000000080e00000, 0x0000000080f00000|  0%| F|  |TAMS 0x0000000080e00000, 0x0000000080e00000| Untracked 
|  15|0x0000000080f00000, 0x0000000080f00000, 0x0000000081000000|  0%| F|  |TAMS 0x0000000080f00000, 0x0000000080f00000| Untracked 
|  16|0x0000000081000000, 0x0000000081000000, 0x0000000081100000|  0%| F|  |TAMS 0x0000000081000000, 0x0000000081000000| Untracked 
|  17|0x0000000081100000, 0x0000000081100000, 0x0000000081200000|  0%| F|  |TAMS 0x0000000081100000, 0x0000000081100000| Untracked 
|  18|0x0000000081200000, 0x00000000812f0d20, 0x0000000081300000| 94%| S|CS|TAMS 0x0000000081200000, 0x0000000081200000| Complete 
|  19|0x0000000081300000, 0x0000000081400000, 0x0000000081400000|100%| S|CS|TAMS 0x0000000081300000, 0x0000000081300000| Complete 
|  20|0x0000000081400000, 0x0000000081500000, 0x0000000081500000|100%| S|CS|TAMS 0x0000000081400000, 0x0000000081400000| Complete 
|  21|0x0000000081500000, 0x0000000081600000, 0x0000000081600000|100%| S|CS|TAMS 0x0000000081500000, 0x0000000081500000| Complete 
|  22|0x0000000081600000, 0x0000000081700000, 0x0000000081700000|100%| S|CS|TAMS 0x0000000081600000, 0x0000000081600000| Complete 
|  23|0x0000000081700000, 0x0000000081800000, 0x0000000081800000|100%| S|CS|TAMS 0x0000000081700000, 0x0000000081700000| Complete 
|  24|0x0000000081800000, 0x0000000081800000, 0x0000000081900000|  0%| F|  |TAMS 0x0000000081800000, 0x0000000081800000| Untracked 
|  25|0x0000000081900000, 0x0000000081900000, 0x0000000081a00000|  0%| F|  |TAMS 0x0000000081900000, 0x0000000081900000| Untracked 
|  26|0x0000000081a00000, 0x0000000081a00000, 0x0000000081b00000|  0%| F|  |TAMS 0x0000000081a00000, 0x0000000081a00000| Untracked 
|  27|0x0000000081b00000, 0x0000000081b00000, 0x0000000081c00000|  0%| F|  |TAMS 0x0000000081b00000, 0x0000000081b00000| Untracked 
|  28|0x0000000081c00000, 0x0000000081c00000, 0x0000000081d00000|  0%| F|  |TAMS 0x0000000081c00000, 0x0000000081c00000| Untracked 
|  29|0x0000000081d00000, 0x0000000081d00000, 0x0000000081e00000|  0%| F|  |TAMS 0x0000000081d00000, 0x0000000081d00000| Untracked 
|  30|0x0000000081e00000, 0x0000000081e00000, 0x0000000081f00000|  0%| F|  |TAMS 0x0000000081e00000, 0x0000000081e00000| Untracked 
|  31|0x0000000081f00000, 0x0000000081f00000, 0x0000000082000000|  0%| F|  |TAMS 0x0000000081f00000, 0x0000000081f00000| Untracked 
|  32|0x0000000082000000, 0x0000000082000000, 0x0000000082100000|  0%| F|  |TAMS 0x0000000082000000, 0x0000000082000000| Untracked 
|  33|0x0000000082100000, 0x0000000082100000, 0x0000000082200000|  0%| F|  |TAMS 0x0000000082100000, 0x0000000082100000| Untracked 
|  34|0x0000000082200000, 0x0000000082200000, 0x0000000082300000|  0%| F|  |TAMS 0x0000000082200000, 0x0000000082200000| Untracked 
|  35|0x0000000082300000, 0x0000000082300000, 0x0000000082400000|  0%| F|  |TAMS 0x0000000082300000, 0x0000000082300000| Untracked 
|  36|0x0000000082400000, 0x0000000082400000, 0x0000000082500000|  0%| F|  |TAMS 0x0000000082400000, 0x0000000082400000| Untracked 
|  37|0x0000000082500000, 0x0000000082500000, 0x0000000082600000|  0%| F|  |TAMS 0x0000000082500000, 0x0000000082500000| Untracked 
|  38|0x0000000082600000, 0x0000000082600000, 0x0000000082700000|  0%| F|  |TAMS 0x0000000082600000, 0x0000000082600000| Untracked 
|  39|0x0000000082700000, 0x0000000082700000, 0x0000000082800000|  0%| F|  |TAMS 0x0000000082700000, 0x0000000082700000| Untracked 
|  40|0x0000000082800000, 0x0000000082800000, 0x0000000082900000|  0%| F|  |TAMS 0x0000000082800000, 0x0000000082800000| Untracked 
|  41|0x0000000082900000, 0x0000000082900000, 0x0000000082a00000|  0%| F|  |TAMS 0x0000000082900000, 0x0000000082900000| Untracked 
|  42|0x0000000082a00000, 0x0000000082a00000, 0x0000000082b00000|  0%| F|  |TAMS 0x0000000082a00000, 0x0000000082a00000| Untracked 
|  43|0x0000000082b00000, 0x0000000082b00000, 0x0000000082c00000|  0%| F|  |TAMS 0x0000000082b00000, 0x0000000082b00000| Untracked 
|  44|0x0000000082c00000, 0x0000000082c00000, 0x0000000082d00000|  0%| F|  |TAMS 0x0000000082c00000, 0x0000000082c00000| Untracked 
|  45|0x0000000082d00000, 0x0000000082d41b80, 0x0000000082e00000| 25%| E|  |TAMS 0x0000000082d00000, 0x0000000082d00000| Complete 
|  46|0x0000000082e00000, 0x0000000082f00000, 0x0000000082f00000|100%| E|CS|TAMS 0x0000000082e00000, 0x0000000082e00000| Complete 
|  47|0x0000000082f00000, 0x0000000083000000, 0x0000000083000000|100%| E|CS|TAMS 0x0000000082f00000, 0x0000000082f00000| Complete 
|  48|0x0000000083000000, 0x0000000083100000, 0x0000000083100000|100%| E|CS|TAMS 0x0000000083000000, 0x0000000083000000| Complete 
|  49|0x0000000083100000, 0x0000000083200000, 0x0000000083200000|100%| E|CS|TAMS 0x0000000083100000, 0x0000000083100000| Complete 
|  50|0x0000000083200000, 0x0000000083300000, 0x0000000083300000|100%| E|CS|TAMS 0x0000000083200000, 0x0000000083200000| Complete 
|  51|0x0000000083300000, 0x0000000083400000, 0x0000000083400000|100%| E|CS|TAMS 0x0000000083300000, 0x0000000083300000| Complete 
|  52|0x0000000083400000, 0x0000000083500000, 0x0000000083500000|100%| E|CS|TAMS 0x0000000083400000, 0x0000000083400000| Complete 
|  53|0x0000000083500000, 0x0000000083600000, 0x0000000083600000|100%| E|CS|TAMS 0x0000000083500000, 0x0000000083500000| Complete 
|  54|0x0000000083600000, 0x0000000083700000, 0x0000000083700000|100%| E|CS|TAMS 0x0000000083600000, 0x0000000083600000| Complete 
| 204|0x000000008cc00000, 0x000000008cd00000, 0x000000008cd00000|100%| E|CS|TAMS 0x000000008cc00000, 0x000000008cc00000| Complete 
| 205|0x000000008cd00000, 0x000000008ce00000, 0x000000008ce00000|100%| E|CS|TAMS 0x000000008cd00000, 0x000000008cd00000| Complete 
| 206|0x000000008ce00000, 0x000000008cf00000, 0x000000008cf00000|100%| E|CS|TAMS 0x000000008ce00000, 0x000000008ce00000| Complete 
| 207|0x000000008cf00000, 0x000000008d000000, 0x000000008d000000|100%| E|CS|TAMS 0x000000008cf00000, 0x000000008cf00000| Complete 
| 208|0x000000008d000000, 0x000000008d100000, 0x000000008d100000|100%| E|CS|TAMS 0x000000008d000000, 0x000000008d000000| Complete 
| 209|0x000000008d100000, 0x000000008d200000, 0x000000008d200000|100%| E|CS|TAMS 0x000000008d100000, 0x000000008d100000| Complete 
| 210|0x000000008d200000, 0x000000008d300000, 0x000000008d300000|100%| E|CS|TAMS 0x000000008d200000, 0x000000008d200000| Complete 
| 211|0x000000008d300000, 0x000000008d400000, 0x000000008d400000|100%| E|CS|TAMS 0x000000008d300000, 0x000000008d300000| Complete 
| 253|0x000000008fd00000, 0x000000008fe00000, 0x000000008fe00000|100%| E|CS|TAMS 0x000000008fd00000, 0x000000008fd00000| Complete 

Card table byte_map: [0x0000019c6c300000,0x0000019c6c700000] _byte_map_base: 0x0000019c6bf00000

Marking Bits (Prev, Next): (CMBitMap*) 0x0000019c5975a3c0, (CMBitMap*) 0x0000019c5975a380
 Prev Bits: [0x0000019c6eb00000, 0x0000019c70b00000)
 Next Bits: [0x0000019c6cb00000, 0x0000019c6eb00000)

Polling page: 0x0000019c58ed0000

Metaspace:

Usage:
  Non-class:     24.71 MB used.
      Class:      3.84 MB used.
       Both:     28.56 MB used.

Virtual space:
  Non-class space:       32.00 MB reserved,      24.81 MB ( 78%) committed,  4 nodes.
      Class space:        1.00 GB reserved,       3.94 MB ( <1%) committed,  1 nodes.
             Both:        1.03 GB reserved,      28.75 MB (  3%) committed. 

Chunk freelists:
   Non-Class:  2.62 MB
       Class:  3.88 MB
        Both:  6.50 MB

MaxMetaspaceSize: unlimited
CompressedClassSpaceSize: 1.00 GB
Initial GC threshold: 21.00 MB
Current GC threshold: 35.12 MB
CDS: off
MetaspaceReclaimPolicy: balanced
 - commit_granule_bytes: 65536.
 - commit_granule_words: 8192.
 - virtual_space_node_default_size: 1048576.
 - enlarge_chunks_in_place: 1.
 - new_chunks_are_fully_committed: 0.
 - uncommit_free_chunks: 1.
 - use_allocation_guard: 0.
 - handle_deallocations: 1.


Internal statistics:

num_allocs_failed_limit: 3.
num_arena_births: 230.
num_arena_deaths: 0.
num_vsnodes_births: 5.
num_vsnodes_deaths: 0.
num_space_committed: 460.
num_space_uncommitted: 0.
num_chunks_returned_to_freelist: 3.
num_chunks_taken_from_freelist: 973.
num_chunk_merges: 3.
num_chunk_splits: 636.
num_chunks_enlarged: 462.
num_purges: 0.
num_inconsistent_stats: 0.

CodeHeap 'non-profiled nmethods': size=120000Kb used=1433Kb max_used=1433Kb free=118566Kb
 bounds [0x0000019c646a0000, 0x0000019c64910000, 0x0000019c6bbd0000]
CodeHeap 'profiled nmethods': size=120000Kb used=5203Kb max_used=5203Kb free=114796Kb
 bounds [0x0000019c5cbd0000, 0x0000019c5d0f0000, 0x0000019c64100000]
CodeHeap 'non-nmethods': size=5760Kb used=1238Kb max_used=1323Kb free=4522Kb
 bounds [0x0000019c64100000, 0x0000019c64370000, 0x0000019c646a0000]
 total_blobs=3038 nmethods=2504 adapters=446
 compilation: enabled
              stopped_count=0, restarted_count=0
 full_count=0

Compilation events (20 events):
Event: 3.386 Thread 0x0000019c7407c340 2492   !   4       java.net.URL::<init> (543 bytes)
Event: 3.398 Thread 0x0000019c7407d100 2493       3       sun.reflect.generics.repository.AbstractRepository::getReifier (8 bytes)
Event: 3.398 Thread 0x0000019c7407d100 nmethod 2493 0x0000019c5d0d8b10 code [0x0000019c5d0d8cc0, 0x0000019c5d0d8fb8]
Event: 3.398 Thread 0x0000019c7728cd00 2494       4       java.lang.Class$Atomic::casReflectionData (13 bytes)
Event: 3.399 Thread 0x0000019c7728cd00 nmethod 2494 0x0000019c64805610 code [0x0000019c64805780, 0x0000019c648058b8]
Event: 3.423 Thread 0x0000019c7407d100 2495       3       java.lang.Module::canRead (86 bytes)
Event: 3.424 Thread 0x0000019c7407d100 nmethod 2495 0x0000019c5d0d9110 code [0x0000019c5d0d94c0, 0x0000019c5d0daf88]
Event: 3.424 Thread 0x0000019c7407d100 2496       3       java.lang.invoke.Invokers$Holder::invokeExact_MT (32 bytes)
Event: 3.425 Thread 0x0000019c7407d100 nmethod 2496 0x0000019c5d0db610 code [0x0000019c5d0db820, 0x0000019c5d0dc0d8]
Event: 3.425 Thread 0x0000019c7407d100 2497       3       java.lang.invoke.LambdaMetafactory::metafactory (71 bytes)
Event: 3.426 Thread 0x0000019c7407d100 nmethod 2497 0x0000019c5d0dc310 code [0x0000019c5d0dc5a0, 0x0000019c5d0dd0a8]
Event: 3.428 Thread 0x0000019c7407d100 2498       3       org.gradle.internal.service.DefaultServiceRegistry$FactoryMethodService::getParameterTypes (10 bytes)
Event: 3.428 Thread 0x0000019c7407d100 nmethod 2498 0x0000019c5d0dd590 code [0x0000019c5d0dd720, 0x0000019c5d0dd8f8]
Event: 3.444 Thread 0x0000019c7407d100 2499       3       jdk.internal.reflect.ReflectionFactory::newMethodAccessor (120 bytes)
Event: 3.446 Thread 0x0000019c7407d100 nmethod 2499 0x0000019c5d0dda10 code [0x0000019c5d0ddde0, 0x0000019c5d0df8d8]
Event: 3.446 Thread 0x0000019c7407d100 2500       3       jdk.internal.reflect.Reflection::isCallerSensitive (24 bytes)
Event: 3.447 Thread 0x0000019c7407d100 nmethod 2500 0x0000019c5d0e0190 code [0x0000019c5d0e04c0, 0x0000019c5d0e1a18]
Event: 3.447 Thread 0x0000019c7407d100 2501       3       jdk.internal.reflect.NativeMethodAccessorImpl::<init> (10 bytes)
Event: 3.447 Thread 0x0000019c7407d100 nmethod 2501 0x0000019c5d0e2090 code [0x0000019c5d0e2240, 0x0000019c5d0e24b8]
Event: 3.449 Thread 0x0000019c76d505d0 2502   !   4       jdk.internal.ref.PhantomCleanable::remove (60 bytes)

GC Heap History (8 events):
Event: 0.576 GC heap before
{Heap before GC invocations=0 (full 0):
 garbage-first heap   total 260096K, used 26624K [0x0000000080000000, 0x0000000100000000)
  region size 1024K, 23 young (23552K), 0 survivors (0K)
 Metaspace       used 10250K, committed 10432K, reserved 1064960K
  class space    used 1058K, committed 1152K, reserved 1048576K
}
Event: 0.579 GC heap after
{Heap after GC invocations=1 (full 0):
 garbage-first heap   total 260096K, used 10206K [0x0000000080000000, 0x0000000100000000)
  region size 1024K, 3 young (3072K), 3 survivors (3072K)
 Metaspace       used 10250K, committed 10432K, reserved 1064960K
  class space    used 1058K, committed 1152K, reserved 1048576K
}
Event: 0.891 GC heap before
{Heap before GC invocations=1 (full 0):
 garbage-first heap   total 260096K, used 40926K [0x0000000080000000, 0x0000000100000000)
  region size 1024K, 32 young (32768K), 3 survivors (3072K)
 Metaspace       used 11201K, committed 11456K, reserved 1064960K
  class space    used 1162K, committed 1280K, reserved 1048576K
}
Event: 0.894 GC heap after
{Heap after GC invocations=2 (full 0):
 garbage-first heap   total 260096K, used 14336K [0x0000000080000000, 0x0000000100000000)
  region size 1024K, 4 young (4096K), 4 survivors (4096K)
 Metaspace       used 11201K, committed 11456K, reserved 1064960K
  class space    used 1162K, committed 1280K, reserved 1048576K
}
Event: 1.999 GC heap before
{Heap before GC invocations=2 (full 0):
 garbage-first heap   total 260096K, used 52224K [0x0000000080000000, 0x0000000100000000)
  region size 1024K, 42 young (43008K), 4 survivors (4096K)
 Metaspace       used 21314K, committed 21504K, reserved 1073152K
  class space    used 2598K, committed 2688K, reserved 1048576K
}
Event: 2.002 GC heap after
{Heap after GC invocations=3 (full 0):
 garbage-first heap   total 260096K, used 18339K [0x0000000080000000, 0x0000000100000000)
  region size 1024K, 8 young (8192K), 8 survivors (8192K)
 Metaspace       used 21314K, committed 21504K, reserved 1073152K
  class space    used 2598K, committed 2688K, reserved 1048576K
}
Event: 2.850 GC heap before
{Heap before GC invocations=4 (full 0):
 garbage-first heap   total 65536K, used 49059K [0x0000000080000000, 0x0000000100000000)
  region size 1024K, 40 young (40960K), 8 survivors (8192K)
 Metaspace       used 26258K, committed 26560K, reserved 1073152K
  class space    used 3452K, committed 3584K, reserved 1048576K
}
Event: 2.855 GC heap after
{Heap after GC invocations=5 (full 0):
 garbage-first heap   total 65536K, used 20374K [0x0000000080000000, 0x0000000100000000)
  region size 1024K, 6 young (6144K), 6 survivors (6144K)
 Metaspace       used 26258K, committed 26560K, reserved 1073152K
  class space    used 3452K, committed 3584K, reserved 1048576K
}

Dll operation events (2 events):
Event: 0.005 Loaded shared library C:\Program Files\Android\Android Studio\jbr\bin\java.dll
Event: 0.288 Loaded shared library C:\Program Files\Android\Android Studio\jbr\bin\verify.dll

Deoptimization events (20 events):
Event: 2.123 Thread 0x0000019c74083540 Uncommon trap: trap_request=0xffffff45 fr.pc=0x0000019c6472c55c relative=0x000000000000073c
Event: 2.123 Thread 0x0000019c74083540 Uncommon trap: reason=unstable_if action=reinterpret pc=0x0000019c6472c55c method=java.util.ArrayList.grow(I)[Ljava/lang/Object; @ 17 c2
Event: 2.123 Thread 0x0000019c74083540 DEOPT PACKING pc=0x0000019c6472c55c sp=0x00000036ba0fd060
Event: 2.123 Thread 0x0000019c74083540 DEOPT UNPACKING pc=0x0000019c6415a1a3 sp=0x00000036ba0fcef8 mode 2
Event: 2.154 Thread 0x0000019c74083540 Uncommon trap: trap_request=0xffffff45 fr.pc=0x0000019c646b9098 relative=0x0000000000000b98
Event: 2.154 Thread 0x0000019c74083540 Uncommon trap: reason=unstable_if action=reinterpret pc=0x0000019c646b9098 method=java.io.WinNTFileSystem.resolve(Ljava/lang/String;Ljava/lang/String;)Ljava/lang/String; @ 19 c2
Event: 2.154 Thread 0x0000019c74083540 DEOPT PACKING pc=0x0000019c646b9098 sp=0x00000036ba0fcf70
Event: 2.154 Thread 0x0000019c74083540 DEOPT UNPACKING pc=0x0000019c6415a1a3 sp=0x00000036ba0fcf18 mode 2
Event: 2.155 Thread 0x0000019c74083540 Uncommon trap: trap_request=0xffffff45 fr.pc=0x0000019c6471319c relative=0x00000000000005fc
Event: 2.155 Thread 0x0000019c74083540 Uncommon trap: reason=unstable_if action=reinterpret pc=0x0000019c6471319c method=java.io.File.getName()Ljava/lang/String; @ 16 c2
Event: 2.155 Thread 0x0000019c74083540 DEOPT PACKING pc=0x0000019c6471319c sp=0x00000036ba0fcf10
Event: 2.155 Thread 0x0000019c74083540 DEOPT UNPACKING pc=0x0000019c6415a1a3 sp=0x00000036ba0fcee0 mode 2
Event: 2.743 Thread 0x0000019c74083540 Uncommon trap: trap_request=0xffffff45 fr.pc=0x0000019c6479e78c relative=0x00000000000002cc
Event: 2.743 Thread 0x0000019c74083540 Uncommon trap: reason=unstable_if action=reinterpret pc=0x0000019c6479e78c method=java.util.HashMap.getNode(Ljava/lang/Object;)Ljava/util/HashMap$Node; @ 131 c2
Event: 2.743 Thread 0x0000019c74083540 DEOPT PACKING pc=0x0000019c6479e78c sp=0x00000036ba0fafc0
Event: 2.743 Thread 0x0000019c74083540 DEOPT UNPACKING pc=0x0000019c6415a1a3 sp=0x00000036ba0faee0 mode 2
Event: 3.228 Thread 0x0000019c74083540 Uncommon trap: trap_request=0xffffff76 fr.pc=0x0000019c647d6e00 relative=0x0000000000000160
Event: 3.228 Thread 0x0000019c74083540 Uncommon trap: reason=predicate action=maybe_recompile pc=0x0000019c647d6e00 method=com.google.common.base.CharMatcher.indexIn(Ljava/lang/CharSequence;I)I @ 19 c2
Event: 3.228 Thread 0x0000019c74083540 DEOPT PACKING pc=0x0000019c647d6e00 sp=0x00000036ba0fb8e0
Event: 3.228 Thread 0x0000019c74083540 DEOPT UNPACKING pc=0x0000019c6415a1a3 sp=0x00000036ba0fb870 mode 2

Classes unloaded (0 events):
No events

Classes redefined (0 events):
No events

Internal exceptions (20 events):
Event: 2.069 Thread 0x0000019c74083540 Exception <a 'java/lang/NoSuchMethodError'{0x0000000083400408}: 'void java.lang.invoke.DirectMethodHandle$Holder.invokeStaticInit(java.lang.Object)'> (0x0000000083400408) 
thrown [s\src\hotspot\share\interpreter\linkResolver.cpp, line 771]
Event: 2.083 Thread 0x0000019c74083540 Exception <a 'java/lang/NoSuchMethodError'{0x00000000834e8448}: 'java.lang.Object java.lang.invoke.DirectMethodHandle$Holder.newInvokeSpecial(java.lang.Object, java.lang.Object, java.lang.Object, int)'> (0x00000000834e8448) 
thrown [s\src\hotspot\share\interpreter\linkResolver.cpp, line 771]
Event: 2.083 Thread 0x0000019c74083540 Exception <a 'java/lang/NoSuchMethodError'{0x00000000834ecd78}: 'java.lang.Object java.lang.invoke.DirectMethodHandle$Holder.invokeSpecial(java.lang.Object, java.lang.Object, java.lang.Object, java.lang.Object, int)'> (0x00000000834ecd78) 
thrown [s\src\hotspot\share\interpreter\linkResolver.cpp, line 771]
Event: 2.084 Thread 0x0000019c74083540 Exception <a 'java/lang/NoSuchMethodError'{0x00000000834f0e90}: 'java.lang.Object java.lang.invoke.Invokers$Holder.linkToTargetMethod(java.lang.Object, java.lang.Object, int, java.lang.Object)'> (0x00000000834f0e90) 
thrown [s\src\hotspot\share\interpreter\linkResolver.cpp, line 771]
Event: 2.442 Thread 0x0000019c74083540 Exception <a 'java/lang/NoSuchMethodError'{0x00000000827447b0}: 'int java.lang.invoke.DirectMethodHandle$Holder.invokeSpecialIFC(java.lang.Object, java.lang.Object, java.lang.Object, java.lang.Object)'> (0x00000000827447b0) 
thrown [s\src\hotspot\share\interpreter\linkResolver.cpp, line 771]
Event: 2.443 Thread 0x0000019c74083540 Exception <a 'java/lang/NoSuchMethodError'{0x0000000082753ad8}: 'java.lang.Object java.lang.invoke.DirectMethodHandle$Holder.invokeInterface(java.lang.Object, java.lang.Object, java.lang.Object)'> (0x0000000082753ad8) 
thrown [s\src\hotspot\share\interpreter\linkResolver.cpp, line 771]
Event: 2.444 Thread 0x0000019c74083540 Exception <a 'java/lang/IncompatibleClassChangeError'{0x00000000827576f0}: Found class java.lang.Object, but interface was expected> (0x00000000827576f0) 
thrown [s\src\hotspot\share\interpreter\linkResolver.cpp, line 838]
Event: 2.465 Thread 0x0000019c74083540 Exception <a 'java/lang/NoSuchMethodError'{0x000000008262db50}: 'int java.lang.invoke.DirectMethodHandle$Holder.invokeStatic(java.lang.Object, java.lang.Object, java.lang.Object, java.lang.Object)'> (0x000000008262db50) 
thrown [s\src\hotspot\share\interpreter\linkResolver.cpp, line 771]
Event: 2.466 Thread 0x0000019c74083540 Exception <a 'java/lang/NoSuchMethodError'{0x0000000082631778}: 'java.lang.Object java.lang.invoke.Invokers$Holder.invokeExact_MT(java.lang.Object, java.lang.Object, java.lang.Object, java.lang.Object, java.lang.Object, java.lang.Object)'> (0x0000000082631778) 
thrown [s\src\hotspot\share\interpreter\linkResolver.cpp, line 771]
Event: 2.706 Thread 0x0000019c74083540 Exception <a 'java/lang/NoSuchMethodError'{0x0000000081e58b38}: 'void java.lang.invoke.DirectMethodHandle$Holder.invokeStatic(java.lang.Object, java.lang.Object)'> (0x0000000081e58b38) 
thrown [s\src\hotspot\share\interpreter\linkResolver.cpp, line 771]
Event: 2.715 Thread 0x0000019c74083540 Exception <a 'java/lang/NoSuchMethodError'{0x0000000081eb8748}: 'java.lang.Object java.lang.invoke.DirectMethodHandle$Holder.invokeVirtual(java.lang.Object, java.lang.Object, java.lang.Object, java.lang.Object)'> (0x0000000081eb8748) 
thrown [s\src\hotspot\share\interpreter\linkResolver.cpp, line 771]
Event: 2.753 Thread 0x0000019c74083540 Exception <a 'java/lang/NoSuchMethodError'{0x0000000081c582c8}: 'java.lang.Object java.lang.invoke.DirectMethodHandle$Holder.newInvokeSpecial(java.lang.Object, java.lang.Object, java.lang.Object, java.lang.Object, java.lang.Object, java.lang.Object, java.lang.Object)'> (0x0000000081c582c8) 
thrown [s\src\hotspot\share\interpreter\linkResolver.cpp, line 771]
Event: 2.754 Thread 0x0000019c74083540 Exception <a 'java/lang/NoSuchMethodError'{0x0000000081c5cf98}: 'java.lang.Object java.lang.invoke.Invokers$Holder.linkToTargetMethod(java.lang.Object, java.lang.Object, java.lang.Object, java.lang.Object, java.lang.Object, java.lang.Object, java.lang.Object)'> (0x0000000081c5cf98) 
thrown [s\src\hotspot\share\interpreter\linkResolver.cpp, line 771]
Event: 2.780 Thread 0x0000019c74083540 Exception <a 'java/lang/NoSuchMethodError'{0x0000000081baee90}: 'java.lang.Object java.lang.invoke.DirectMethodHandle$Holder.invokeVirtual(java.lang.Object, java.lang.Object, java.lang.Object, java.lang.Object, java.lang.Object, java.lang.Object, java.lang.Object, java.lang.Object, java.lang.Object, java.lang.Object, java.lang.Object, java.lang.Object, java.lang.Object, java.lang.Object, java.lang.Object, java.lang.Object, java.lang.Object, java.lang.Object, java.lang.Object, java.lang.Object, java.lang.Ob
Event: 2.996 Thread 0x0000019c74083540 Exception <a 'java/lang/NoSuchMethodError'{0x000000008cf2a650}: 'void java.lang.invoke.DirectMethodHandle$Holder.invokeStaticInit(java.lang.Object, java.lang.Object)'> (0x000000008cf2a650) 
thrown [s\src\hotspot\share\interpreter\linkResolver.cpp, line 771]
Event: 3.082 Thread 0x0000019c74083540 Exception <a 'java/lang/NoSuchMethodError'{0x000000008ce511b0}: 'java.lang.Object java.lang.invoke.DirectMethodHandle$Holder.invokeStaticInit(java.lang.Object, java.lang.Object, java.lang.Object)'> (0x000000008ce511b0) 
thrown [s\src\hotspot\share\interpreter\linkResolver.cpp, line 771]
Event: 3.084 Thread 0x0000019c74083540 Exception <a 'java/lang/NoSuchMethodError'{0x000000008ce5b508}: 'void java.lang.invoke.DirectMethodHandle$Holder.invokeStatic(java.lang.Object, java.lang.Object, java.lang.Object, java.lang.Object, java.lang.Object, java.lang.Object)'> (0x000000008ce5b508) 
thrown [s\src\hotspot\share\interpreter\linkResolver.cpp, line 771]
Event: 3.291 Thread 0x0000019c74083540 Exception <a 'java/lang/NoSuchMethodError'{0x0000000083515f18}: 'void java.lang.invoke.DirectMethodHandle$Holder.invokeStatic(java.lang.Object, java.lang.Object, java.lang.Object, java.lang.Object)'> (0x0000000083515f18) 
thrown [s\src\hotspot\share\interpreter\linkResolver.cpp, line 771]
Event: 3.293 Thread 0x0000019c74083540 Exception <a 'java/lang/NoSuchMethodError'{0x00000000835295b0}: 'int java.lang.invoke.DirectMethodHandle$Holder.invokeVirtual(java.lang.Object, java.lang.Object)'> (0x00000000835295b0) 
thrown [s\src\hotspot\share\interpreter\linkResolver.cpp, line 771]
Event: 3.299 Thread 0x0000019c74083540 Exception <a 'java/lang/NoSuchMethodError'{0x0000000083573d40}: 'int java.lang.invoke.DirectMethodHandle$Holder.invokeVirtual(java.lang.Object, java.lang.Object, java.lang.Object)'> (0x0000000083573d40) 
thrown [s\src\hotspot\share\interpreter\linkResolver.cpp, line 771]

VM Operations (20 events):
Event: 1.369 Executing VM operation: HandshakeAllThreads
Event: 1.369 Executing VM operation: HandshakeAllThreads done
Event: 1.443 Executing VM operation: HandshakeAllThreads
Event: 1.443 Executing VM operation: HandshakeAllThreads done
Event: 1.624 Executing VM operation: HandshakeAllThreads
Event: 1.624 Executing VM operation: HandshakeAllThreads done
Event: 1.672 Executing VM operation: HandshakeAllThreads
Event: 1.672 Executing VM operation: HandshakeAllThreads done
Event: 1.999 Executing VM operation: CollectForMetadataAllocation
Event: 2.002 Executing VM operation: CollectForMetadataAllocation done
Event: 2.007 Executing VM operation: G1Concurrent
Event: 2.008 Executing VM operation: G1Concurrent done
Event: 2.008 Executing VM operation: G1Concurrent
Event: 2.009 Executing VM operation: G1Concurrent done
Event: 2.192 Executing VM operation: HandshakeAllThreads
Event: 2.192 Executing VM operation: HandshakeAllThreads done
Event: 2.193 Executing VM operation: HandshakeAllThreads
Event: 2.193 Executing VM operation: HandshakeAllThreads done
Event: 2.850 Executing VM operation: G1CollectForAllocation
Event: 2.855 Executing VM operation: G1CollectForAllocation done

Events (20 events):
Event: 2.842 Thread 0x0000019c76d505d0 Thread added: 0x0000019c76d505d0
Event: 2.935 Thread 0x0000019c7728cd00 Thread added: 0x0000019c7728cd00
Event: 3.079 loading class java/lang/annotation/IncompleteAnnotationException
Event: 3.079 loading class java/lang/annotation/IncompleteAnnotationException done
Event: 3.192 loading class java/util/function/UnaryOperator
Event: 3.192 loading class java/util/function/UnaryOperator done
Event: 3.217 loading class java/util/concurrent/TimeoutException
Event: 3.217 loading class java/util/concurrent/TimeoutException done
Event: 3.217 loading class java/util/concurrent/CancellationException
Event: 3.217 loading class java/util/concurrent/CancellationException done
Event: 3.225 loading class java/util/ServiceConfigurationError
Event: 3.225 loading class java/util/ServiceConfigurationError done
Event: 3.276 Thread 0x0000019c76658a60 Thread added: 0x0000019c76658a60
Event: 3.276 loading class java/util/concurrent/locks/AbstractQueuedSynchronizer$SharedNode
Event: 3.276 loading class java/util/concurrent/locks/AbstractQueuedSynchronizer$SharedNode done
Event: 3.282 loading class java/io/InterruptedIOException
Event: 3.282 loading class java/io/InterruptedIOException done
Event: 3.291 Thread 0x0000019c76657bf0 Thread added: 0x0000019c76657bf0
Event: 3.297 loading class java/util/ArrayDeque$DeqSpliterator
Event: 3.298 loading class java/util/ArrayDeque$DeqSpliterator done


Dynamic libraries:
0x00007ff7318e0000 - 0x00007ff7318ea000 	C:\Program Files\Android\Android Studio\jbr\bin\java.exe
0x00007ffb723b0000 - 0x00007ffb725a8000 	C:\WINDOWS\SYSTEM32\ntdll.dll
0x00007ffb72170000 - 0x00007ffb7222f000 	C:\WINDOWS\System32\KERNEL32.DLL
0x00007ffb6fda0000 - 0x00007ffb70096000 	C:\WINDOWS\System32\KERNELBASE.dll
0x00007ffb6fb00000 - 0x00007ffb6fc00000 	C:\WINDOWS\System32\ucrtbase.dll
0x00007ffb461e0000 - 0x00007ffb461f7000 	C:\Program Files\Android\Android Studio\jbr\bin\jli.dll
0x00007ffb45d20000 - 0x00007ffb45d3b000 	C:\Program Files\Android\Android Studio\jbr\bin\VCRUNTIME140.dll
0x00007ffb70df0000 - 0x00007ffb70f8d000 	C:\WINDOWS\System32\USER32.dll
0x00007ffb6fd70000 - 0x00007ffb6fd92000 	C:\WINDOWS\System32\win32u.dll
0x00007ffb5b350000 - 0x00007ffb5b5ea000 	C:\WINDOWS\WinSxS\amd64_microsoft.windows.common-controls_6595b64144ccf1df_6.0.19041.1110_none_60b5254171f9507e\COMCTL32.dll
0x00007ffb71b20000 - 0x00007ffb71b4c000 	C:\WINDOWS\System32\GDI32.dll
0x00007ffb71a80000 - 0x00007ffb71b1e000 	C:\WINDOWS\System32\msvcrt.dll
0x00007ffb6fc50000 - 0x00007ffb6fd65000 	C:\WINDOWS\System32\gdi32full.dll
0x00007ffb702b0000 - 0x00007ffb7034d000 	C:\WINDOWS\System32\msvcp_win.dll
0x00007ffb71b50000 - 0x00007ffb71b80000 	C:\WINDOWS\System32\IMM32.DLL
0x00007ffb4a700000 - 0x00007ffb4a70c000 	C:\Program Files\Android\Android Studio\jbr\bin\vcruntime140_1.dll
0x00007ffb41330000 - 0x00007ffb413bd000 	C:\Program Files\Android\Android Studio\jbr\bin\msvcp140.dll
0x00007ffb051a0000 - 0x00007ffb05e0d000 	C:\Program Files\Android\Android Studio\jbr\bin\server\jvm.dll
0x00007ffb715c0000 - 0x00007ffb7166f000 	C:\WINDOWS\System32\ADVAPI32.dll
0x00007ffb714c0000 - 0x00007ffb7155c000 	C:\WINDOWS\System32\sechost.dll
0x00007ffb70cc0000 - 0x00007ffb70de6000 	C:\WINDOWS\System32\RPCRT4.dll
0x00007ffb67440000 - 0x00007ffb67449000 	C:\WINDOWS\SYSTEM32\WSOCK32.dll
0x00007ffb6a260000 - 0x00007ffb6a287000 	C:\WINDOWS\SYSTEM32\WINMM.dll
0x00007ffb65da0000 - 0x00007ffb65daa000 	C:\WINDOWS\SYSTEM32\VERSION.dll
0x00007ffb71b90000 - 0x00007ffb71bfb000 	C:\WINDOWS\System32\WS2_32.dll
0x00007ffb6e2e0000 - 0x00007ffb6e2f2000 	C:\WINDOWS\SYSTEM32\kernel.appcore.dll
0x00007ffb66fc0000 - 0x00007ffb66fca000 	C:\Program Files\Android\Android Studio\jbr\bin\jimage.dll
0x00007ffb6a800000 - 0x00007ffb6a9e4000 	C:\WINDOWS\SYSTEM32\DBGHELP.DLL
0x00007ffb6a220000 - 0x00007ffb6a254000 	C:\WINDOWS\SYSTEM32\dbgcore.DLL
0x00007ffb70380000 - 0x00007ffb70402000 	C:\WINDOWS\System32\bcryptPrimitives.dll
0x00007ffb5a310000 - 0x00007ffb5a335000 	C:\Program Files\Android\Android Studio\jbr\bin\java.dll
0x00007ffb61c70000 - 0x00007ffb61c88000 	C:\Program Files\Android\Android Studio\jbr\bin\zip.dll
0x00007ffb70410000 - 0x00007ffb70b54000 	C:\WINDOWS\System32\SHELL32.dll
0x00007ffb6a9f0000 - 0x00007ffb6b183000 	C:\WINDOWS\SYSTEM32\windows.storage.dll
0x00007ffb71e10000 - 0x00007ffb72164000 	C:\WINDOWS\System32\combase.dll
0x00007ffb6f4f0000 - 0x00007ffb6f51e000 	C:\WINDOWS\SYSTEM32\Wldp.dll
0x00007ffb72230000 - 0x00007ffb722dd000 	C:\WINDOWS\System32\SHCORE.dll
0x00007ffb70f90000 - 0x00007ffb70fe5000 	C:\WINDOWS\System32\shlwapi.dll
0x00007ffb6f9d0000 - 0x00007ffb6f9ef000 	C:\WINDOWS\SYSTEM32\profapi.dll
0x00007ffb5e820000 - 0x00007ffb5e839000 	C:\Program Files\Android\Android Studio\jbr\bin\net.dll
0x00007ffb698c0000 - 0x00007ffb699ca000 	C:\WINDOWS\SYSTEM32\WINHTTP.dll
0x00007ffb6f250000 - 0x00007ffb6f2ba000 	C:\WINDOWS\system32\mswsock.dll
0x00007ffb4f790000 - 0x00007ffb4f7a6000 	C:\Program Files\Android\Android Studio\jbr\bin\nio.dll
0x00007ffb65c20000 - 0x00007ffb65c30000 	C:\Program Files\Android\Android Studio\jbr\bin\verify.dll
0x00007ffb46f10000 - 0x00007ffb46f37000 	C:\Users\hibae\.gradle\native\68d5fa5c4cc2d200863cafc0d521ce42e7d3e7ee720ec0a83991735586a16f82\windows-amd64\native-platform.dll
0x00007ffb2b130000 - 0x00007ffb2b274000 	C:\Users\hibae\.gradle\native\e376f236ea51e6404a007f0833ffe2c6e607c4080706a723a18a27aeea778392\windows-amd64\native-platform-file-events.dll
0x00007ffb66fb0000 - 0x00007ffb66fb9000 	C:\Program Files\Android\Android Studio\jbr\bin\management.dll
0x00007ffb66080000 - 0x00007ffb6608b000 	C:\Program Files\Android\Android Studio\jbr\bin\management_ext.dll
0x00007ffb71c00000 - 0x00007ffb71c08000 	C:\WINDOWS\System32\PSAPI.DLL
0x00007ffb6f440000 - 0x00007ffb6f458000 	C:\WINDOWS\SYSTEM32\CRYPTSP.dll
0x00007ffb6eb00000 - 0x00007ffb6eb34000 	C:\WINDOWS\system32\rsaenh.dll
0x00007ffb70350000 - 0x00007ffb70377000 	C:\WINDOWS\System32\bcrypt.dll
0x00007ffb6f950000 - 0x00007ffb6f97e000 	C:\WINDOWS\SYSTEM32\USERENV.dll
0x00007ffb6f460000 - 0x00007ffb6f46c000 	C:\WINDOWS\SYSTEM32\CRYPTBASE.dll
0x00007ffb6eef0000 - 0x00007ffb6ef2c000 	C:\WINDOWS\SYSTEM32\IPHLPAPI.DLL
0x00007ffb71b80000 - 0x00007ffb71b88000 	C:\WINDOWS\System32\NSI.dll
0x00007ffb63340000 - 0x00007ffb63357000 	C:\WINDOWS\SYSTEM32\dhcpcsvc6.DLL
0x00007ffb65ab0000 - 0x00007ffb65acd000 	C:\WINDOWS\SYSTEM32\dhcpcsvc.DLL
0x00007ffb6ef30000 - 0x00007ffb6effb000 	C:\WINDOWS\SYSTEM32\DNSAPI.dll
0x00007ffb65bf0000 - 0x00007ffb65bf7000 	C:\WINDOWS\system32\wshunix.dll

dbghelp: loaded successfully - version: 4.0.5 - missing functions: none
symbol engine: initialized successfully - sym options: 0x614 - pdb path: .;C:\Program Files\Android\Android Studio\jbr\bin;C:\WINDOWS\SYSTEM32;C:\WINDOWS\WinSxS\amd64_microsoft.windows.common-controls_6595b64144ccf1df_6.0.19041.1110_none_60b5254171f9507e;C:\Program Files\Android\Android Studio\jbr\bin\server;C:\Users\hibae\.gradle\native\68d5fa5c4cc2d200863cafc0d521ce42e7d3e7ee720ec0a83991735586a16f82\windows-amd64;C:\Users\hibae\.gradle\native\e376f236ea51e6404a007f0833ffe2c6e607c4080706a723a18a27aeea778392\windows-amd64

VM Arguments:
jvm_args: --add-opens=java.base/java.util=ALL-UNNAMED --add-opens=java.base/java.lang=ALL-UNNAMED --add-opens=java.base/java.lang.invoke=ALL-UNNAMED --add-opens=java.prefs/java.util.prefs=ALL-UNNAMED --add-opens=java.base/java.nio.charset=ALL-UNNAMED --add-opens=java.base/java.net=ALL-UNNAMED --add-opens=java.base/java.util.concurrent.atomic=ALL-UNNAMED -Xmx2048m -Dfile.encoding=UTF-8 -Duser.country=US -Duser.language=en -Duser.variant 
java_command: org.gradle.launcher.daemon.bootstrap.GradleDaemon 8.0
java_class_path (initial): C:\Users\hibae\.gradle\wrapper\dists\gradle-8.0-bin\ca5e32bp14vu59qr306oxotwh\gradle-8.0\lib\gradle-launcher-8.0.jar
Launcher Type: SUN_STANDARD

[Global flags]
     intx CICompilerCount                          = 4                                         {product} {ergonomic}
     uint ConcGCThreads                            = 2                                         {product} {ergonomic}
     uint G1ConcRefinementThreads                  = 8                                         {product} {ergonomic}
   size_t G1HeapRegionSize                         = 1048576                                   {product} {ergonomic}
    uintx GCDrainStackTargetSize                   = 64                                        {product} {ergonomic}
   size_t InitialHeapSize                          = 266338304                                 {product} {ergonomic}
   size_t MarkStackSize                            = 4194304                                   {product} {ergonomic}
   size_t MaxHeapSize                              = 2147483648                                {product} {command line}
   size_t MaxNewSize                               = 1287651328                                {product} {ergonomic}
   size_t MinHeapDeltaBytes                        = 1048576                                   {product} {ergonomic}
   size_t MinHeapSize                              = 8388608                                   {product} {ergonomic}
    uintx NonNMethodCodeHeapSize                   = 5839372                                {pd product} {ergonomic}
    uintx NonProfiledCodeHeapSize                  = 122909434                              {pd product} {ergonomic}
    uintx ProfiledCodeHeapSize                     = 122909434                              {pd product} {ergonomic}
    uintx ReservedCodeCacheSize                    = 251658240                              {pd product} {ergonomic}
     bool SegmentedCodeCache                       = true                                      {product} {ergonomic}
   size_t SoftMaxHeapSize                          = 2147483648                             {manageable} {ergonomic}
     bool UseCompressedClassPointers               = true                           {product lp64_product} {ergonomic}
     bool UseCompressedOops                        = true                           {product lp64_product} {ergonomic}
     bool UseG1GC                                  = true                                      {product} {ergonomic}
     bool UseLargePagesIndividualAllocation        = false                                  {pd product} {ergonomic}

Logging:
Log output configuration:
 #0: stdout all=warning uptime,level,tags
 #1: stderr all=off uptime,level,tags

Environment Variables:
PATH=C:\Program Files (x86)\Common Files\Intel\Shared Libraries\redist\intel64\compiler;C:\Program Files\Common Files\Oracle\Java\javapath;C:\Windows\system32;C:\Windows;C:\Windows\System32\Wbem;C:\Windows\System32\WindowsPowerShell\v1.0\;C:\Windows\System32\OpenSSH\;C:\Program Files (x86)\NVIDIA Corporation\PhysX\Common;C:\Program Files\NVIDIA Corporation\NVIDIA NvDLISR;C:\WINDOWS\system32;C:\WINDOWS;C:\WINDOWS\System32\Wbem;C:\WINDOWS\System32\WindowsPowerShell\v1.0\;C:\WINDOWS\System32\OpenSSH\;C:\Program Files\Microsoft VS Code\bin;C:\Program Files\Git\cmd;C:\Program Files\dotnet\;C:\Android;C:\Program Files\Common Files\Autodesk Shared\;C:\Program Files\Microsoft SQL Server\120\Tools\Binn\;C:\Program Files\Microsoft SQL Server\150\Tools\Binn\;C:\Program Files\NVIDIA Corporation\Nsight Compute 2023.1.0\;C:\Users\hibae\AppData\Roaming\.dotnet;C:\Users\hibae\AppData\Local\Microsoft\WindowsApps;C:\Program Files\msys64\mingw64\bin;C:\Users\hibae\.dotnet\tools;C:\Users\hibae\.dotnet\tools
USERNAME=hibae
OS=Windows_NT
PROCESSOR_IDENTIFIER=Intel64 Family 6 Model 126 Stepping 5, GenuineIntel
TMP=C:\Users\hibae\AppData\Local\Temp
TEMP=C:\Users\hibae\AppData\Local\Temp



---------------  S Y S T E M  ---------------

OS:
 Windows 10 , 64 bit Build 19041 (10.0.19041.2913)
OS uptime: 0 days 13:45 hours

CPU: total 8 (initial active 8) (4 cores per cpu, 2 threads per core) family 6 model 126 stepping 5 microcode 0xa6, cx8, cmov, fxsr, ht, mmx, 3dnowpref, sse, sse2, sse3, ssse3, sse4.1, sse4.2, popcnt, lzcnt, tsc, tscinvbit, avx, avx2, aes, erms, clmul, bmi1, bmi2, adx, avx512f, avx512dq, avx512cd, avx512bw, avx512vl, sha, fma, vzeroupper, avx512_vpopcntdq, avx512_vpclmulqdq, avx512_vaes, avx512_vnni, clflush, clflushopt, avx512_vbmi2, avx512_vbmi

Memory: 4k page, system-wide physical 16137M (2961M free)
TotalPageFile size 17137M (AvailPageFile size 2M)
current process WorkingSet (physical memory assigned to process): 196M, peak: 207M
current process commit charge ("private bytes"): 239M, peak: 395M

vm_info: OpenJDK 64-Bit Server VM (17.0.6+0-b2043.56-9586694) for windows-amd64 JRE (17.0.6+0-b2043.56-9586694), built on Feb  9 2023 20:06:20 by "androidbuild" with MS VC++ 16.10 / 16.11 (VS2019)

END.
