#
# There is insufficient memory for the Java Runtime Environment to continue.
# Native memory allocation (mmap) failed to map 50331648 bytes for G1 virtual space
# Possible reasons:
#   The system is out of physical RAM or swap space
#   The process is running with CompressedOops enabled, and the Java Heap may be blocking the growth of the native heap
# Possible solutions:
#   Reduce memory load on the system
#   Increase physical memory or swap space
#   Check if swap backing store is full
#   Decrease Java heap size (-Xmx/-Xms)
#   Decrease number of Java threads
#   Decrease Java thread stack sizes (-Xss)
#   Set larger code cache with -XX:ReservedCodeCacheSize=
#   JVM is running with Unscaled Compressed Oops mode in which the Java heap is
#     placed in the first 4GB address space. The Java Heap base address is the
#     maximum limit for the native heap growth. Please use -XX:HeapBaseMinAddress
#     to set the Java Heap base and to place the Java Heap above 4GB virtual address.
# This output file may be truncated or incomplete.
#
#  Out of Memory Error (os_windows.cpp:3769), pid=1824, tid=11644
#
# JRE version: OpenJDK Runtime Environment (17.0.6) (build 17.0.6+0-b2043.56-9586694)
# Java VM: OpenJDK 64-Bit Server VM (17.0.6+0-b2043.56-9586694, mixed mode, tiered, compressed oops, compressed class ptrs, g1 gc, windows-amd64)
# No core dump will be written. Minidumps are not enabled by default on client versions of Windows
#

---------------  S U M M A R Y ------------

Command Line: --add-opens=java.base/java.util=ALL-UNNAMED --add-opens=java.base/java.lang=ALL-UNNAMED --add-opens=java.base/java.lang.invoke=ALL-UNNAMED --add-opens=java.prefs/java.util.prefs=ALL-UNNAMED --add-opens=java.base/java.nio.charset=ALL-UNNAMED --add-opens=java.base/java.net=ALL-UNNAMED --add-opens=java.base/java.util.concurrent.atomic=ALL-UNNAMED -Xmx2048m -Dfile.encoding=UTF-8 -Duser.country=US -Duser.language=en -Duser.variant org.gradle.launcher.daemon.bootstrap.GradleDaemon 8.0

Host: Intel(R) Core(TM) i7-1065G7 CPU @ 1.30GHz, 8 cores, 15G,  Windows 10 , 64 bit Build 19041 (10.0.19041.2913)
Time: Tue Jun  6 13:23:14 2023 Arabian Standard Time elapsed time: 24.875477 seconds (0d 0h 0m 24s)

---------------  T H R E A D  ---------------

Current thread (0x00000268fee1e470):  VMThread "VM Thread" [stack: 0x00000089f0c00000,0x00000089f0d00000] [id=11644]

Stack: [0x00000089f0c00000,0x00000089f0d00000]
Native frames: (J=compiled Java code, j=interpreted, Vv=VM code, C=native code)
V  [jvm.dll+0x683b4a]
V  [jvm.dll+0x842654]
V  [jvm.dll+0x843dfe]
V  [jvm.dll+0x844463]
V  [jvm.dll+0x249b75]
V  [jvm.dll+0x680a19]
V  [jvm.dll+0x674f0a]
V  [jvm.dll+0x309acb]
V  [jvm.dll+0x310f86]
V  [jvm.dll+0x3608ee]
V  [jvm.dll+0x360b1f]
V  [jvm.dll+0x2dfbf8]
V  [jvm.dll+0x2ddec4]
V  [jvm.dll+0x2dd4cc]
V  [jvm.dll+0x321f3b]
V  [jvm.dll+0x84893b]
V  [jvm.dll+0x849674]
V  [jvm.dll+0x849b8d]
V  [jvm.dll+0x849f64]
V  [jvm.dll+0x84a030]
V  [jvm.dll+0x7f25fa]
V  [jvm.dll+0x682985]
C  [ucrtbase.dll+0x21bb2]
C  [KERNEL32.DLL+0x17614]
C  [ntdll.dll+0x526a1]

VM_Operation (0x00000089f27feb30): G1CollectForAllocation, mode: safepoint, requested by thread 0x000002689949ea10


---------------  P R O C E S S  ---------------

Threads class SMR info:
_java_thread_list=0x000002689ddc4bf0, length=127, elements={
0x00000268fb421bb0, 0x00000268ff855020, 0x00000268ff8568f0, 0x00000268ff87c3b0,
0x00000268ff87ce70, 0x00000268ff881750, 0x00000268ff882010, 0x00000268ff886100,
0x00000268ff88eac0, 0x00000268ff88f3c0, 0x00000268ff9fc410, 0x00000268ffa0f3d0,
0x00000268998b2410, 0x000002689b1cc820, 0x000002689ac64010, 0x000002689b0285c0,
0x0000026899244090, 0x000002689a9501d0, 0x0000026899340080, 0x000002689949c860,
0x00000268994a0220, 0x000002689949ea10, 0x000002689949d6d0, 0x000002689949d200,
0x000002689949fd50, 0x000002689949f3b0, 0x000002689949cd30, 0x000002689949dba0,
0x000002689949e070, 0x000002689949f880, 0x000002689949e540, 0x000002689949eee0,
0x00000268985051d0, 0x00000268985021b0, 0x0000026898501ce0, 0x0000026898504360,
0x0000026898508b90, 0x0000026898503020, 0x0000026898504d00, 0x0000026898505b70,
0x00000268985034f0, 0x0000026898501810, 0x00000268985039c0, 0x0000026898506040,
0x0000026898506510, 0x00000268985069e0, 0x0000026898503e90, 0x0000026898509060,
0x0000026898506eb0, 0x0000026898507380, 0x0000026898507850, 0x0000026898507d20,
0x000002689aff3430, 0x000002689aff1750, 0x000002689aff1280, 0x000002689aff1c20,
0x000002689aff20f0, 0x000002689aff3dd0, 0x000002689aff25c0, 0x000002689aff3900,
0x000002689aff42a0, 0x000002689aff2a90, 0x000002689aff4770, 0x000002689aff0db0,
0x000002689aff2f60, 0x000002689b5ed600, 0x000002689b5f4980, 0x000002689b5f0150,
0x000002689b5edad0, 0x000002689b5f3fe0, 0x000002689b5f2ca0, 0x000002689b5f2300,
0x000002689b5f27d0, 0x000002689b5f1e30, 0x000002689b5ee470, 0x000002689b5f3170,
0x000002689b5f3640, 0x000002689b5f44b0, 0x000002689b5f0620, 0x000002689b5eee10,
0x000002689b5edfa0, 0x000002689b5f3b10, 0x000002689b5ee940, 0x000002689b5f4e50,
0x000002689b5ef2e0, 0x000002689b5f1960, 0x000002689b5ef7b0, 0x000002689b5efc80,
0x000002689b5f0af0, 0x000002689b5f0fc0, 0x000002689b5f1490, 0x000002689b80d0a0,
0x000002689b80bd60, 0x000002689b80a080, 0x000002689b80aef0, 0x000002689b808d40,
0x000002689b809210, 0x000002689b80b3c0, 0x000002689b80c230, 0x000002689b8096e0,
0x000002689b80aa20, 0x000002689b80cbd0, 0x000002689b80b890, 0x000002689b80e3e0,
0x000002689b807060, 0x000002689b80e8b0, 0x000002689b80c700, 0x000002689b80da40,
0x000002689b80d570, 0x000002689b809bb0, 0x000002689b80df10, 0x000002689b807ed0,
0x000002689b807a00, 0x000002689b80a550, 0x000002689b807530, 0x000002689b8083a0,
0x000002689b808870, 0x000002689849ef30, 0x000002689849d250, 0x00000268984a0740,
0x00000268984a0270, 0x000002689849ba40, 0x000002689849a230, 0x000002689b024900,
0x000002689849fda0, 0x000002689b022590, 0x000002689849f400
}

Java Threads: ( => current thread )
  0x00000268fb421bb0 JavaThread "main" [_thread_blocked, id=4716, stack(0x00000089f0600000,0x00000089f0700000)]
  0x00000268ff855020 JavaThread "Reference Handler" daemon [_thread_blocked, id=7020, stack(0x00000089f0d00000,0x00000089f0e00000)]
  0x00000268ff8568f0 JavaThread "Finalizer" daemon [_thread_blocked, id=14940, stack(0x00000089f0e00000,0x00000089f0f00000)]
  0x00000268ff87c3b0 JavaThread "Signal Dispatcher" daemon [_thread_blocked, id=4968, stack(0x00000089f0f00000,0x00000089f1000000)]
  0x00000268ff87ce70 JavaThread "Attach Listener" daemon [_thread_blocked, id=11928, stack(0x00000089f1000000,0x00000089f1100000)]
  0x00000268ff881750 JavaThread "Service Thread" daemon [_thread_blocked, id=13060, stack(0x00000089f1100000,0x00000089f1200000)]
  0x00000268ff882010 JavaThread "Monitor Deflation Thread" daemon [_thread_blocked, id=4020, stack(0x00000089f1200000,0x00000089f1300000)]
  0x00000268ff886100 JavaThread "C2 CompilerThread0" daemon [_thread_in_native, id=4564, stack(0x00000089f1300000,0x00000089f1400000)]
  0x00000268ff88eac0 JavaThread "C1 CompilerThread0" daemon [_thread_blocked, id=11372, stack(0x00000089f1400000,0x00000089f1500000)]
  0x00000268ff88f3c0 JavaThread "Sweeper thread" daemon [_thread_blocked, id=9668, stack(0x00000089f1500000,0x00000089f1600000)]
  0x00000268ff9fc410 JavaThread "Common-Cleaner" daemon [_thread_blocked, id=10124, stack(0x00000089f1600000,0x00000089f1700000)]
  0x00000268ffa0f3d0 JavaThread "Notification Thread" daemon [_thread_blocked, id=716, stack(0x00000089f1700000,0x00000089f1800000)]
  0x00000268998b2410 JavaThread "Daemon health stats" [_thread_blocked, id=3752, stack(0x00000089f2000000,0x00000089f2100000)]
  0x000002689b1cc820 JavaThread "Incoming local TCP Connector on port 57276" [_thread_in_native, id=12524, stack(0x00000089f1900000,0x00000089f1a00000)]
  0x000002689ac64010 JavaThread "Daemon periodic checks" [_thread_blocked, id=4652, stack(0x00000089f1a00000,0x00000089f1b00000)]
  0x000002689b0285c0 JavaThread "Daemon" [_thread_blocked, id=8888, stack(0x00000089f2100000,0x00000089f2200000)]
  0x0000026899244090 JavaThread "Handler for socket connection from /127.0.0.1:57276 to /127.0.0.1:57278" [_thread_in_native, id=14504, stack(0x00000089f2200000,0x00000089f2300000)]
  0x000002689a9501d0 JavaThread "Cancel handler" [_thread_blocked, id=15052, stack(0x00000089f2300000,0x00000089f2400000)]
  0x0000026899340080 JavaThread "Daemon worker" [_thread_blocked, id=2828, stack(0x00000089f2400000,0x00000089f2500000)]
  0x000002689949c860 JavaThread "Asynchronous log dispatcher for DefaultDaemonConnection: socket connection from /127.0.0.1:57276 to /127.0.0.1:57278" [_thread_blocked, id=11080, stack(0x00000089f2500000,0x00000089f2600000)]
  0x00000268994a0220 JavaThread "Stdin handler" [_thread_blocked, id=14696, stack(0x00000089f2600000,0x00000089f2700000)]
  0x000002689949ea10 JavaThread "Daemon client event forwarder" [_thread_blocked, id=12204, stack(0x00000089f2700000,0x00000089f2800000)]
  0x000002689949d6d0 JavaThread "Cache worker for journal cache (C:\Users\hibae\.gradle\caches\journal-1)" [_thread_blocked, id=15280, stack(0x00000089f2b00000,0x00000089f2c00000)]
  0x000002689949d200 JavaThread "File lock request listener" [_thread_in_native, id=14032, stack(0x00000089f2c00000,0x00000089f2d00000)]
  0x000002689949fd50 JavaThread "Cache worker for file hash cache (C:\Users\hibae\.gradle\caches\8.0\fileHashes)" [_thread_blocked, id=11176, stack(0x00000089f2d00000,0x00000089f2e00000)]
  0x000002689949f3b0 JavaThread "File watcher server" daemon [_thread_in_native, id=8416, stack(0x00000089f2f00000,0x00000089f3000000)]
  0x000002689949cd30 JavaThread "File watcher consumer" daemon [_thread_blocked, id=2820, stack(0x00000089f3000000,0x00000089f3100000)]
  0x000002689949dba0 JavaThread "Cache worker for checksums cache (D:\University\Internship\NewsApp\.gradle\8.0\checksums)" [_thread_blocked, id=8052, stack(0x00000089f3100000,0x00000089f3200000)]
  0x000002689949e070 JavaThread "Cache worker for cache directory md-rule (C:\Users\hibae\.gradle\caches\8.0\md-rule)" [_thread_blocked, id=11728, stack(0x00000089f3200000,0x00000089f3300000)]
  0x000002689949f880 JavaThread "Cache worker for file content cache (C:\Users\hibae\.gradle\caches\8.0\fileContent)" [_thread_blocked, id=8456, stack(0x00000089f3400000,0x00000089f3500000)]
  0x000002689949e540 JavaThread "Cache worker for file hash cache (D:\University\Internship\NewsApp\.gradle\8.0\fileHashes)" [_thread_blocked, id=12276, stack(0x00000089f3500000,0x00000089f3600000)]
  0x000002689949eee0 JavaThread "Cache worker for cache directory md-supplier (C:\Users\hibae\.gradle\caches\8.0\md-supplier)" [_thread_blocked, id=11448, stack(0x00000089f3600000,0x00000089f3700000)]
  0x00000268985051d0 JavaThread "Cache worker for execution history cache (C:\Users\hibae\.gradle\caches\8.0\executionHistory)" [_thread_blocked, id=8516, stack(0x00000089f2e00000,0x00000089f2f00000)]
  0x00000268985021b0 JavaThread "jar transforms" [_thread_blocked, id=11768, stack(0x00000089f3700000,0x00000089f3800000)]
  0x0000026898501ce0 JavaThread "jar transforms Thread 2" [_thread_blocked, id=10800, stack(0x00000089f3800000,0x00000089f3900000)]
  0x0000026898504360 JavaThread "jar transforms Thread 3" [_thread_blocked, id=7908, stack(0x00000089f3a00000,0x00000089f3b00000)]
  0x0000026898508b90 JavaThread "jar transforms Thread 4" [_thread_blocked, id=4364, stack(0x00000089f3b00000,0x00000089f3c00000)]
  0x0000026898503020 JavaThread "Cache worker for dependencies-accessors (D:\University\Internship\NewsApp\.gradle\8.0\dependencies-accessors)" [_thread_blocked, id=5400, stack(0x00000089f3c00000,0x00000089f3d00000)]
  0x0000026898504d00 JavaThread "jar transforms Thread 5" [_thread_blocked, id=10568, stack(0x00000089f3d00000,0x00000089f3e00000)]
  0x0000026898505b70 JavaThread "Cache worker for Build Output Cleanup Cache (D:\University\Internship\NewsApp\.gradle\buildOutputCleanup)" [_thread_blocked, id=7000, stack(0x00000089f3900000,0x00000089f3a00000)]
  0x00000268985034f0 JavaThread "Unconstrained build operations" [_thread_blocked, id=4236, stack(0x00000089f3e00000,0x00000089f3f00000)]
  0x0000026898501810 JavaThread "Unconstrained build operations Thread 2" [_thread_blocked, id=2736, stack(0x00000089f3f00000,0x00000089f4000000)]
  0x00000268985039c0 JavaThread "Unconstrained build operations Thread 3" [_thread_blocked, id=13544, stack(0x00000089f4000000,0x00000089f4100000)]
  0x0000026898506040 JavaThread "Unconstrained build operations Thread 4" [_thread_blocked, id=14584, stack(0x00000089f4100000,0x00000089f4200000)]
  0x0000026898506510 JavaThread "Unconstrained build operations Thread 5" [_thread_blocked, id=5232, stack(0x00000089f4200000,0x00000089f4300000)]
  0x00000268985069e0 JavaThread "Unconstrained build operations Thread 6" [_thread_blocked, id=11752, stack(0x00000089f4300000,0x00000089f4400000)]
  0x0000026898503e90 JavaThread "Unconstrained build operations Thread 7" [_thread_blocked, id=8500, stack(0x00000089f4400000,0x00000089f4500000)]
  0x0000026898509060 JavaThread "Unconstrained build operations Thread 8" [_thread_blocked, id=5584, stack(0x00000089f4500000,0x00000089f4600000)]
  0x0000026898506eb0 JavaThread "Unconstrained build operations Thread 9" [_thread_blocked, id=10684, stack(0x00000089f4600000,0x00000089f4700000)]
  0x0000026898507380 JavaThread "Unconstrained build operations Thread 10" [_thread_blocked, id=11608, stack(0x00000089f4700000,0x00000089f4800000)]
  0x0000026898507850 JavaThread "Unconstrained build operations Thread 11" [_thread_blocked, id=10160, stack(0x00000089f4800000,0x00000089f4900000)]
  0x0000026898507d20 JavaThread "Unconstrained build operations Thread 12" [_thread_blocked, id=9344, stack(0x00000089f4900000,0x00000089f4a00000)]
  0x000002689aff3430 JavaThread "Unconstrained build operations Thread 13" [_thread_blocked, id=14252, stack(0x00000089f4a00000,0x00000089f4b00000)]
  0x000002689aff1750 JavaThread "Unconstrained build operations Thread 14" [_thread_blocked, id=5360, stack(0x00000089f4b00000,0x00000089f4c00000)]
  0x000002689aff1280 JavaThread "Unconstrained build operations Thread 15" [_thread_blocked, id=10724, stack(0x00000089f4c00000,0x00000089f4d00000)]
  0x000002689aff1c20 JavaThread "Unconstrained build operations Thread 16" [_thread_blocked, id=13676, stack(0x00000089f4d00000,0x00000089f4e00000)]
  0x000002689aff20f0 JavaThread "Unconstrained build operations Thread 17" [_thread_blocked, id=4656, stack(0x00000089f4e00000,0x00000089f4f00000)]
  0x000002689aff3dd0 JavaThread "Unconstrained build operations Thread 18" [_thread_blocked, id=12284, stack(0x00000089f4f00000,0x00000089f5000000)]
  0x000002689aff25c0 JavaThread "Unconstrained build operations Thread 19" [_thread_blocked, id=8408, stack(0x00000089f5000000,0x00000089f5100000)]
  0x000002689aff3900 JavaThread "Unconstrained build operations Thread 20" [_thread_blocked, id=14404, stack(0x00000089f5100000,0x00000089f5200000)]
  0x000002689aff42a0 JavaThread "Unconstrained build operations Thread 21" [_thread_blocked, id=1504, stack(0x00000089f5200000,0x00000089f5300000)]
  0x000002689aff2a90 JavaThread "Unconstrained build operations Thread 22" [_thread_blocked, id=13372, stack(0x00000089f5300000,0x00000089f5400000)]
  0x000002689aff4770 JavaThread "Unconstrained build operations Thread 23" [_thread_blocked, id=9156, stack(0x00000089f5400000,0x00000089f5500000)]
  0x000002689aff0db0 JavaThread "Unconstrained build operations Thread 24" [_thread_blocked, id=8464, stack(0x00000089f5500000,0x00000089f5600000)]
  0x000002689aff2f60 JavaThread "Unconstrained build operations Thread 25" [_thread_blocked, id=10292, stack(0x00000089f5600000,0x00000089f5700000)]
  0x000002689b5ed600 JavaThread "Unconstrained build operations Thread 26" [_thread_blocked, id=7248, stack(0x00000089f5700000,0x00000089f5800000)]
  0x000002689b5f4980 JavaThread "Unconstrained build operations Thread 27" [_thread_blocked, id=14820, stack(0x00000089f5800000,0x00000089f5900000)]
  0x000002689b5f0150 JavaThread "Unconstrained build operations Thread 28" [_thread_blocked, id=14728, stack(0x00000089f5900000,0x00000089f5a00000)]
  0x000002689b5edad0 JavaThread "Unconstrained build operations Thread 29" [_thread_blocked, id=10680, stack(0x00000089f5a00000,0x00000089f5b00000)]
  0x000002689b5f3fe0 JavaThread "Unconstrained build operations Thread 30" [_thread_blocked, id=7276, stack(0x00000089f5b00000,0x00000089f5c00000)]
  0x000002689b5f2ca0 JavaThread "Unconstrained build operations Thread 31" [_thread_blocked, id=14648, stack(0x00000089f5c00000,0x00000089f5d00000)]
  0x000002689b5f2300 JavaThread "Unconstrained build operations Thread 32" [_thread_blocked, id=1516, stack(0x00000089f5d00000,0x00000089f5e00000)]
  0x000002689b5f27d0 JavaThread "Unconstrained build operations Thread 33" [_thread_blocked, id=8740, stack(0x00000089f5e00000,0x00000089f5f00000)]
  0x000002689b5f1e30 JavaThread "Unconstrained build operations Thread 34" [_thread_blocked, id=14508, stack(0x00000089f5f00000,0x00000089f6000000)]
  0x000002689b5ee470 JavaThread "Unconstrained build operations Thread 35" [_thread_blocked, id=4704, stack(0x00000089f6000000,0x00000089f6100000)]
  0x000002689b5f3170 JavaThread "Unconstrained build operations Thread 36" [_thread_blocked, id=6448, stack(0x00000089f6100000,0x00000089f6200000)]
  0x000002689b5f3640 JavaThread "Unconstrained build operations Thread 37" [_thread_blocked, id=11712, stack(0x00000089f6200000,0x00000089f6300000)]
  0x000002689b5f44b0 JavaThread "Unconstrained build operations Thread 38" [_thread_blocked, id=13588, stack(0x00000089f6300000,0x00000089f6400000)]
  0x000002689b5f0620 JavaThread "Unconstrained build operations Thread 39" [_thread_blocked, id=15196, stack(0x00000089f6400000,0x00000089f6500000)]
  0x000002689b5eee10 JavaThread "Unconstrained build operations Thread 40" [_thread_blocked, id=7200, stack(0x00000089f6500000,0x00000089f6600000)]
  0x000002689b5edfa0 JavaThread "Unconstrained build operations Thread 41" [_thread_blocked, id=15164, stack(0x00000089f6600000,0x00000089f6700000)]
  0x000002689b5f3b10 JavaThread "Unconstrained build operations Thread 42" [_thread_blocked, id=14580, stack(0x00000089f6700000,0x00000089f6800000)]
  0x000002689b5ee940 JavaThread "Unconstrained build operations Thread 43" [_thread_blocked, id=5820, stack(0x00000089f6800000,0x00000089f6900000)]
  0x000002689b5f4e50 JavaThread "Unconstrained build operations Thread 44" [_thread_blocked, id=8096, stack(0x00000089f6900000,0x00000089f6a00000)]
  0x000002689b5ef2e0 JavaThread "Unconstrained build operations Thread 45" [_thread_blocked, id=5672, stack(0x00000089f6a00000,0x00000089f6b00000)]
  0x000002689b5f1960 JavaThread "Unconstrained build operations Thread 46" [_thread_blocked, id=14936, stack(0x00000089f6b00000,0x00000089f6c00000)]
  0x000002689b5ef7b0 JavaThread "Unconstrained build operations Thread 47" [_thread_blocked, id=3652, stack(0x00000089f6c00000,0x00000089f6d00000)]
  0x000002689b5efc80 JavaThread "Unconstrained build operations Thread 48" [_thread_blocked, id=14396, stack(0x00000089f6d00000,0x00000089f6e00000)]
  0x000002689b5f0af0 JavaThread "Unconstrained build operations Thread 49" [_thread_blocked, id=13256, stack(0x00000089f6e00000,0x00000089f6f00000)]
  0x000002689b5f0fc0 JavaThread "Unconstrained build operations Thread 50" [_thread_blocked, id=10388, stack(0x00000089f6f00000,0x00000089f7000000)]
  0x000002689b5f1490 JavaThread "Unconstrained build operations Thread 51" [_thread_blocked, id=8652, stack(0x00000089f7000000,0x00000089f7100000)]
  0x000002689b80d0a0 JavaThread "Unconstrained build operations Thread 52" [_thread_blocked, id=13492, stack(0x00000089f7100000,0x00000089f7200000)]
  0x000002689b80bd60 JavaThread "Unconstrained build operations Thread 53" [_thread_blocked, id=3096, stack(0x00000089f7200000,0x00000089f7300000)]
  0x000002689b80a080 JavaThread "Unconstrained build operations Thread 54" [_thread_blocked, id=9720, stack(0x00000089f7300000,0x00000089f7400000)]
  0x000002689b80aef0 JavaThread "Unconstrained build operations Thread 55" [_thread_blocked, id=7272, stack(0x00000089f7400000,0x00000089f7500000)]
  0x000002689b808d40 JavaThread "Unconstrained build operations Thread 56" [_thread_blocked, id=12000, stack(0x00000089f7500000,0x00000089f7600000)]
  0x000002689b809210 JavaThread "Unconstrained build operations Thread 57" [_thread_blocked, id=9332, stack(0x00000089f7600000,0x00000089f7700000)]
  0x000002689b80b3c0 JavaThread "Unconstrained build operations Thread 58" [_thread_blocked, id=11528, stack(0x00000089f7700000,0x00000089f7800000)]
  0x000002689b80c230 JavaThread "Unconstrained build operations Thread 59" [_thread_blocked, id=9152, stack(0x00000089f7800000,0x00000089f7900000)]
  0x000002689b8096e0 JavaThread "Unconstrained build operations Thread 60" [_thread_blocked, id=2692, stack(0x00000089f7900000,0x00000089f7a00000)]
  0x000002689b80aa20 JavaThread "Unconstrained build operations Thread 61" [_thread_blocked, id=8100, stack(0x00000089f7a00000,0x00000089f7b00000)]
  0x000002689b80cbd0 JavaThread "Unconstrained build operations Thread 62" [_thread_blocked, id=13720, stack(0x00000089f7b00000,0x00000089f7c00000)]
  0x000002689b80b890 JavaThread "Unconstrained build operations Thread 63" [_thread_blocked, id=10548, stack(0x00000089f7c00000,0x00000089f7d00000)]
  0x000002689b80e3e0 JavaThread "Unconstrained build operations Thread 64" [_thread_blocked, id=2260, stack(0x00000089f7d00000,0x00000089f7e00000)]
  0x000002689b807060 JavaThread "Unconstrained build operations Thread 65" [_thread_blocked, id=6464, stack(0x00000089f7e00000,0x00000089f7f00000)]
  0x000002689b80e8b0 JavaThread "Unconstrained build operations Thread 66" [_thread_blocked, id=15328, stack(0x00000089f7f00000,0x00000089f8000000)]
  0x000002689b80c700 JavaThread "Unconstrained build operations Thread 67" [_thread_blocked, id=12160, stack(0x00000089f8000000,0x00000089f8100000)]
  0x000002689b80da40 JavaThread "Unconstrained build operations Thread 68" [_thread_blocked, id=7860, stack(0x00000089f8100000,0x00000089f8200000)]
  0x000002689b80d570 JavaThread "Unconstrained build operations Thread 69" [_thread_blocked, id=12968, stack(0x00000089f8200000,0x00000089f8300000)]
  0x000002689b809bb0 JavaThread "Unconstrained build operations Thread 70" [_thread_blocked, id=6676, stack(0x00000089f8300000,0x00000089f8400000)]
  0x000002689b80df10 JavaThread "Unconstrained build operations Thread 71" [_thread_blocked, id=2012, stack(0x00000089f8400000,0x00000089f8500000)]
  0x000002689b807ed0 JavaThread "Unconstrained build operations Thread 72" [_thread_blocked, id=7376, stack(0x00000089f8500000,0x00000089f8600000)]
  0x000002689b807a00 JavaThread "Unconstrained build operations Thread 73" [_thread_blocked, id=2004, stack(0x00000089f8600000,0x00000089f8700000)]
  0x000002689b80a550 JavaThread "Unconstrained build operations Thread 74" [_thread_blocked, id=5316, stack(0x00000089f8700000,0x00000089f8800000)]
  0x000002689b807530 JavaThread "Unconstrained build operations Thread 75" [_thread_blocked, id=9348, stack(0x00000089f8800000,0x00000089f8900000)]
  0x000002689b8083a0 JavaThread "Unconstrained build operations Thread 76" [_thread_blocked, id=9648, stack(0x00000089f8900000,0x00000089f8a00000)]
  0x000002689b808870 JavaThread "Unconstrained build operations Thread 77" [_thread_blocked, id=1028, stack(0x00000089f8a00000,0x00000089f8b00000)]
  0x000002689849ef30 JavaThread "Unconstrained build operations Thread 78" [_thread_blocked, id=2912, stack(0x00000089f8b00000,0x00000089f8c00000)]
  0x000002689849d250 JavaThread "Unconstrained build operations Thread 79" [_thread_blocked, id=2732, stack(0x00000089f8c00000,0x00000089f8d00000)]
  0x00000268984a0740 JavaThread "Unconstrained build operations Thread 80" [_thread_blocked, id=2464, stack(0x00000089f8d00000,0x00000089f8e00000)]
  0x00000268984a0270 JavaThread "jar transforms Thread 6" [_thread_blocked, id=736, stack(0x00000089f8e00000,0x00000089f8f00000)]
  0x000002689849ba40 JavaThread "jar transforms Thread 7" [_thread_blocked, id=13512, stack(0x00000089f8f00000,0x00000089f9000000)]
  0x000002689849a230 JavaThread "jar transforms Thread 8" [_thread_blocked, id=13228, stack(0x00000089f9000000,0x00000089f9100000)]
  0x000002689b024900 JavaThread "C2 CompilerThread1" daemon [_thread_blocked, id=2600, stack(0x00000089f3300000,0x00000089f3400000)]
  0x000002689849fda0 JavaThread "build event listener" [_thread_blocked, id=7160, stack(0x00000089f9100000,0x00000089f9200000)]
  0x000002689b022590 JavaThread "C2 CompilerThread2" daemon [_thread_in_native, id=3276, stack(0x00000089f9200000,0x00000089f9300000)]
  0x000002689849f400 JavaThread "Memory manager" [_thread_blocked, id=15080, stack(0x00000089f9300000,0x00000089f9400000)]

Other Threads:
=>0x00000268fee1e470 VMThread "VM Thread" [stack: 0x00000089f0c00000,0x00000089f0d00000] [id=11644]
  0x00000268fb4a62e0 WatcherThread [stack: 0x00000089f1800000,0x00000089f1900000] [id=3048]
  0x00000268fb480ac0 GCTaskThread "GC Thread#0" [stack: 0x00000089f0700000,0x00000089f0800000] [id=15308]
  0x0000026898e6f040 GCTaskThread "GC Thread#1" [stack: 0x00000089f1b00000,0x00000089f1c00000] [id=3504]
  0x0000026898e6f2f0 GCTaskThread "GC Thread#2" [stack: 0x00000089f1c00000,0x00000089f1d00000] [id=7004]
  0x0000026898c4f580 GCTaskThread "GC Thread#3" [stack: 0x00000089f1d00000,0x00000089f1e00000] [id=2664]
  0x0000026898c4f830 GCTaskThread "GC Thread#4" [stack: 0x00000089f1e00000,0x00000089f1f00000] [id=5092]
  0x0000026898d39040 GCTaskThread "GC Thread#5" [stack: 0x00000089f1f00000,0x00000089f2000000] [id=11588]
  0x00000268993aec80 GCTaskThread "GC Thread#6" [stack: 0x00000089f2800000,0x00000089f2900000] [id=14960]
  0x00000268996e42c0 GCTaskThread "GC Thread#7" [stack: 0x00000089f2900000,0x00000089f2a00000] [id=2620]
  0x00000268fb491910 ConcurrentGCThread "G1 Main Marker" [stack: 0x00000089f0800000,0x00000089f0900000] [id=7216]
  0x00000268fb4929d0 ConcurrentGCThread "G1 Conc#0" [stack: 0x00000089f0900000,0x00000089f0a00000] [id=8948]
  0x000002689a71b4f0 ConcurrentGCThread "G1 Conc#1" [stack: 0x00000089f2a00000,0x00000089f2b00000] [id=9288]
  0x00000268fb4eeb70 ConcurrentGCThread "G1 Refine#0" [stack: 0x00000089f0a00000,0x00000089f0b00000] [id=15228]
  0x00000268fec9b700 ConcurrentGCThread "G1 Service" [stack: 0x00000089f0b00000,0x00000089f0c00000] [id=6964]

Threads with active compile tasks:
C2 CompilerThread0    24935 8258       4       org.gradle.internal.reflect.ClassInspector::inspectClass (179 bytes)
C2 CompilerThread1    24935 8362       4       java.lang.reflect.Method::getGenericInfo (27 bytes)
C2 CompilerThread2    24935 8136       4       org.gradle.internal.instantiation.generator.AbstractClassGenerator::inspectType (560 bytes)

VM state: at safepoint (normal execution)

VM Mutex/Monitor currently owned by a thread:  ([mutex/lock_event])
[0x00000268fb3ecd60] Threads_lock - owner thread: 0x00000268fee1e470
[0x00000268fb3edd20] Heap_lock - owner thread: 0x000002689949ea10

Heap address: 0x0000000080000000, size: 2048 MB, Compressed Oops mode: 32-bit

CDS archive(s) not mapped
Compressed class space mapped at: 0x0000000100000000-0x0000000140000000, reserved size: 1073741824
Narrow klass base: 0x0000000000000000, Narrow klass shift: 3, Narrow klass range: 0x140000000

GC Precious Log:
 CPUs: 8 total, 8 available
 Memory: 16137M
 Large Page Support: Disabled
 NUMA Support: Disabled
 Compressed Oops: Enabled (32-bit)
 Heap Region Size: 1M
 Heap Min Capacity: 8M
 Heap Initial Capacity: 254M
 Heap Max Capacity: 2G
 Pre-touch: Disabled
 Parallel Workers: 8
 Concurrent Workers: 2
 Concurrent Refinement Workers: 8
 Periodic GC: Disabled

Heap:
 garbage-first heap   total 122880K, used 66452K [0x0000000080000000, 0x0000000100000000)
  region size 1024K, 4 young (4096K), 4 survivors (4096K)
 Metaspace       used 81538K, committed 82176K, reserved 1122304K
  class space    used 11104K, committed 11392K, reserved 1048576K

Heap Regions: E=young(eden), S=young(survivor), O=old, HS=humongous(starts), HC=humongous(continues), CS=collection set, F=free, OA=open archive, CA=closed archive, TAMS=top-at-mark-start (previous, next)
|   0|0x0000000080000000, 0x0000000080100000, 0x0000000080100000|100%|HS|  |TAMS 0x0000000080100000, 0x0000000080100000| Complete 
|   1|0x0000000080100000, 0x0000000080200000, 0x0000000080200000|100%|HC|  |TAMS 0x0000000080200000, 0x0000000080200000| Complete 
|   2|0x0000000080200000, 0x0000000080300000, 0x0000000080300000|100%|HC|  |TAMS 0x0000000080300000, 0x0000000080300000| Complete 
|   3|0x0000000080300000, 0x0000000080400000, 0x0000000080400000|100%|HC|  |TAMS 0x0000000080400000, 0x0000000080400000| Complete 
|   4|0x0000000080400000, 0x0000000080500000, 0x0000000080500000|100%| O|  |TAMS 0x0000000080500000, 0x0000000080500000| Untracked 
|   5|0x0000000080500000, 0x0000000080600000, 0x0000000080600000|100%| O|  |TAMS 0x0000000080600000, 0x0000000080600000| Untracked 
|   6|0x0000000080600000, 0x0000000080700000, 0x0000000080700000|100%| O|  |TAMS 0x0000000080700000, 0x0000000080700000| Untracked 
|   7|0x0000000080700000, 0x0000000080800000, 0x0000000080800000|100%| O|  |TAMS 0x0000000080800000, 0x0000000080800000| Untracked 
|   8|0x0000000080800000, 0x0000000080900000, 0x0000000080900000|100%| O|  |TAMS 0x0000000080900000, 0x0000000080900000| Untracked 
|   9|0x0000000080900000, 0x0000000080a00000, 0x0000000080a00000|100%| O|  |TAMS 0x0000000080a00000, 0x0000000080a00000| Untracked 
|  10|0x0000000080a00000, 0x0000000080afb200, 0x0000000080b00000| 98%| O|  |TAMS 0x0000000080afb200, 0x0000000080afb200| Untracked 
|  11|0x0000000080b00000, 0x0000000080c00000, 0x0000000080c00000|100%| O|  |TAMS 0x0000000080c00000, 0x0000000080c00000| Untracked 
|  12|0x0000000080c00000, 0x0000000080d00000, 0x0000000080d00000|100%| O|  |TAMS 0x0000000080d00000, 0x0000000080d00000| Untracked 
|  13|0x0000000080d00000, 0x0000000080e00000, 0x0000000080e00000|100%| O|  |TAMS 0x0000000080e00000, 0x0000000080e00000| Untracked 
|  14|0x0000000080e00000, 0x0000000080f00000, 0x0000000080f00000|100%| O|  |TAMS 0x0000000080f00000, 0x0000000080f00000| Untracked 
|  15|0x0000000080f00000, 0x0000000081000000, 0x0000000081000000|100%| O|  |TAMS 0x0000000081000000, 0x0000000081000000| Untracked 
|  16|0x0000000081000000, 0x0000000081100000, 0x0000000081100000|100%| O|  |TAMS 0x0000000081100000, 0x0000000081100000| Untracked 
|  17|0x0000000081100000, 0x0000000081200000, 0x0000000081200000|100%| O|  |TAMS 0x0000000081200000, 0x0000000081200000| Untracked 
|  18|0x0000000081200000, 0x0000000081300000, 0x0000000081300000|100%| O|  |TAMS 0x0000000081300000, 0x0000000081300000| Untracked 
|  19|0x0000000081300000, 0x0000000081400000, 0x0000000081400000|100%| O|  |TAMS 0x0000000081400000, 0x0000000081400000| Untracked 
|  20|0x0000000081400000, 0x0000000081500000, 0x0000000081500000|100%| O|  |TAMS 0x0000000081500000, 0x0000000081500000| Untracked 
|  21|0x0000000081500000, 0x0000000081600000, 0x0000000081600000|100%| O|  |TAMS 0x0000000081600000, 0x0000000081600000| Untracked 
|  22|0x0000000081600000, 0x0000000081700000, 0x0000000081700000|100%| O|  |TAMS 0x0000000081700000, 0x0000000081700000| Untracked 
|  23|0x0000000081700000, 0x0000000081800000, 0x0000000081800000|100%| O|  |TAMS 0x0000000081800000, 0x0000000081800000| Untracked 
|  24|0x0000000081800000, 0x0000000081900000, 0x0000000081900000|100%| O|  |TAMS 0x0000000081900000, 0x0000000081900000| Untracked 
|  25|0x0000000081900000, 0x0000000081a00000, 0x0000000081a00000|100%| O|  |TAMS 0x0000000081a00000, 0x0000000081a00000| Untracked 
|  26|0x0000000081a00000, 0x0000000081b00000, 0x0000000081b00000|100%| O|  |TAMS 0x0000000081b00000, 0x0000000081b00000| Untracked 
|  27|0x0000000081b00000, 0x0000000081c00000, 0x0000000081c00000|100%| O|  |TAMS 0x0000000081c00000, 0x0000000081c00000| Untracked 
|  28|0x0000000081c00000, 0x0000000081d00000, 0x0000000081d00000|100%| O|  |TAMS 0x0000000081d00000, 0x0000000081d00000| Untracked 
|  29|0x0000000081d00000, 0x0000000081e00000, 0x0000000081e00000|100%| O|  |TAMS 0x0000000081e00000, 0x0000000081e00000| Untracked 
|  30|0x0000000081e00000, 0x0000000081f00000, 0x0000000081f00000|100%| O|  |TAMS 0x0000000081f00000, 0x0000000081f00000| Untracked 
|  31|0x0000000081f00000, 0x0000000082000000, 0x0000000082000000|100%| O|  |TAMS 0x0000000082000000, 0x0000000082000000| Untracked 
|  32|0x0000000082000000, 0x0000000082100000, 0x0000000082100000|100%| O|  |TAMS 0x0000000082100000, 0x0000000082100000| Untracked 
|  33|0x0000000082100000, 0x0000000082200000, 0x0000000082200000|100%| O|  |TAMS 0x0000000082200000, 0x0000000082200000| Untracked 
|  34|0x0000000082200000, 0x0000000082300000, 0x0000000082300000|100%| O|  |TAMS 0x0000000082300000, 0x0000000082300000| Untracked 
|  35|0x0000000082300000, 0x0000000082400000, 0x0000000082400000|100%|HS|  |TAMS 0x0000000082400000, 0x0000000082400000| Complete 
|  36|0x0000000082400000, 0x0000000082500000, 0x0000000082500000|100%| O|  |TAMS 0x0000000082500000, 0x0000000082500000| Untracked 
|  37|0x0000000082500000, 0x0000000082600000, 0x0000000082600000|100%|HS|  |TAMS 0x0000000082600000, 0x0000000082600000| Complete 
|  38|0x0000000082600000, 0x0000000082700000, 0x0000000082700000|100%| O|  |TAMS 0x0000000082700000, 0x0000000082700000| Untracked 
|  39|0x0000000082700000, 0x0000000082700000, 0x0000000082800000|  0%| F|  |TAMS 0x0000000082700000, 0x0000000082700000| Untracked 
|  40|0x0000000082800000, 0x0000000082900000, 0x0000000082900000|100%| O|  |TAMS 0x0000000082900000, 0x0000000082900000| Untracked 
|  41|0x0000000082900000, 0x0000000082a00000, 0x0000000082a00000|100%| O|  |TAMS 0x0000000082a00000, 0x0000000082a00000| Untracked 
|  42|0x0000000082a00000, 0x0000000082b00000, 0x0000000082b00000|100%| O|  |TAMS 0x0000000082b00000, 0x0000000082b00000| Untracked 
|  43|0x0000000082b00000, 0x0000000082c00000, 0x0000000082c00000|100%| O|  |TAMS 0x0000000082c00000, 0x0000000082c00000| Untracked 
|  44|0x0000000082c00000, 0x0000000082d00000, 0x0000000082d00000|100%| O|  |TAMS 0x0000000082d00000, 0x0000000082d00000| Untracked 
|  45|0x0000000082d00000, 0x0000000082e00000, 0x0000000082e00000|100%| O|  |TAMS 0x0000000082e00000, 0x0000000082e00000| Untracked 
|  46|0x0000000082e00000, 0x0000000082f00000, 0x0000000082f00000|100%| O|  |TAMS 0x0000000082f00000, 0x0000000082f00000| Untracked 
|  47|0x0000000082f00000, 0x0000000083000000, 0x0000000083000000|100%| O|  |TAMS 0x0000000083000000, 0x0000000083000000| Untracked 
|  48|0x0000000083000000, 0x0000000083100000, 0x0000000083100000|100%| O|  |TAMS 0x0000000083100000, 0x0000000083100000| Untracked 
|  49|0x0000000083100000, 0x0000000083200000, 0x0000000083200000|100%| O|  |TAMS 0x0000000083200000, 0x0000000083200000| Untracked 
|  50|0x0000000083200000, 0x0000000083300000, 0x0000000083300000|100%| O|  |TAMS 0x0000000083300000, 0x0000000083300000| Untracked 
|  51|0x0000000083300000, 0x0000000083400000, 0x0000000083400000|100%| O|  |TAMS 0x0000000083400000, 0x0000000083400000| Untracked 
|  52|0x0000000083400000, 0x0000000083500000, 0x0000000083500000|100%| O|  |TAMS 0x0000000083500000, 0x0000000083500000| Untracked 
|  53|0x0000000083500000, 0x0000000083600000, 0x0000000083600000|100%| O|  |TAMS 0x0000000083600000, 0x0000000083600000| Untracked 
|  54|0x0000000083600000, 0x0000000083700000, 0x0000000083700000|100%| O|  |TAMS 0x000000008365e400, 0x0000000083700000| Untracked 
|  55|0x0000000083700000, 0x0000000083800000, 0x0000000083800000|100%| O|  |TAMS 0x0000000083700000, 0x0000000083800000| Untracked 
|  56|0x0000000083800000, 0x0000000083900000, 0x0000000083900000|100%| O|  |TAMS 0x0000000083800000, 0x0000000083900000| Untracked 
|  57|0x0000000083900000, 0x0000000083a00000, 0x0000000083a00000|100%| O|  |TAMS 0x0000000083900000, 0x0000000083a00000| Untracked 
|  58|0x0000000083a00000, 0x0000000083b00000, 0x0000000083b00000|100%| O|  |TAMS 0x0000000083a00000, 0x0000000083b00000| Untracked 
|  59|0x0000000083b00000, 0x0000000083c00000, 0x0000000083c00000|100%| O|  |TAMS 0x0000000083b00000, 0x0000000083c00000| Untracked 
|  60|0x0000000083c00000, 0x0000000083d00000, 0x0000000083d00000|100%| O|  |TAMS 0x0000000083c00000, 0x0000000083d00000| Untracked 
|  61|0x0000000083d00000, 0x0000000083e00000, 0x0000000083e00000|100%| O|  |TAMS 0x0000000083d00000, 0x0000000083e00000| Untracked 
|  62|0x0000000083e00000, 0x0000000083e5d200, 0x0000000083f00000| 36%| O|  |TAMS 0x0000000083e00000, 0x0000000083e5d200| Untracked 
|  63|0x0000000083f00000, 0x0000000083f00000, 0x0000000084000000|  0%| F|  |TAMS 0x0000000083f00000, 0x0000000083f00000| Untracked 
|  64|0x0000000084000000, 0x0000000084000000, 0x0000000084100000|  0%| F|  |TAMS 0x0000000084000000, 0x0000000084000000| Untracked 
|  65|0x0000000084100000, 0x0000000084100000, 0x0000000084200000|  0%| F|  |TAMS 0x0000000084100000, 0x0000000084100000| Untracked 
|  66|0x0000000084200000, 0x0000000084200000, 0x0000000084300000|  0%| F|  |TAMS 0x0000000084200000, 0x0000000084200000| Untracked 
|  67|0x0000000084300000, 0x0000000084300000, 0x0000000084400000|  0%| F|  |TAMS 0x0000000084300000, 0x0000000084300000| Untracked 
|  68|0x0000000084400000, 0x0000000084400000, 0x0000000084500000|  0%| F|  |TAMS 0x0000000084400000, 0x0000000084400000| Untracked 
|  69|0x0000000084500000, 0x0000000084500000, 0x0000000084600000|  0%| F|  |TAMS 0x0000000084500000, 0x0000000084500000| Untracked 
|  70|0x0000000084600000, 0x0000000084600000, 0x0000000084700000|  0%| F|  |TAMS 0x0000000084600000, 0x0000000084600000| Untracked 
|  71|0x0000000084700000, 0x0000000084700000, 0x0000000084800000|  0%| F|  |TAMS 0x0000000084700000, 0x0000000084700000| Untracked 
|  72|0x0000000084800000, 0x0000000084800000, 0x0000000084900000|  0%| F|  |TAMS 0x0000000084800000, 0x0000000084800000| Untracked 
|  73|0x0000000084900000, 0x0000000084900000, 0x0000000084a00000|  0%| F|  |TAMS 0x0000000084900000, 0x0000000084900000| Untracked 
|  74|0x0000000084a00000, 0x0000000084a00000, 0x0000000084b00000|  0%| F|  |TAMS 0x0000000084a00000, 0x0000000084a00000| Untracked 
|  75|0x0000000084b00000, 0x0000000084b00000, 0x0000000084c00000|  0%| F|  |TAMS 0x0000000084b00000, 0x0000000084b00000| Untracked 
|  76|0x0000000084c00000, 0x0000000084c00000, 0x0000000084d00000|  0%| F|  |TAMS 0x0000000084c00000, 0x0000000084c00000| Untracked 
|  77|0x0000000084d00000, 0x0000000084d00000, 0x0000000084e00000|  0%| F|  |TAMS 0x0000000084d00000, 0x0000000084d00000| Untracked 
|  78|0x0000000084e00000, 0x0000000084e00000, 0x0000000084f00000|  0%| F|  |TAMS 0x0000000084e00000, 0x0000000084e00000| Untracked 
|  79|0x0000000084f00000, 0x0000000084f00000, 0x0000000085000000|  0%| F|  |TAMS 0x0000000084f00000, 0x0000000084f00000| Untracked 
|  80|0x0000000085000000, 0x0000000085000000, 0x0000000085100000|  0%| F|  |TAMS 0x0000000085000000, 0x0000000085000000| Untracked 
|  81|0x0000000085100000, 0x0000000085100000, 0x0000000085200000|  0%| F|  |TAMS 0x0000000085100000, 0x0000000085100000| Untracked 
|  82|0x0000000085200000, 0x000000008528ce80, 0x0000000085300000| 55%| S|CS|TAMS 0x0000000085200000, 0x0000000085200000| Complete 
|  83|0x0000000085300000, 0x0000000085400000, 0x0000000085400000|100%| S|CS|TAMS 0x0000000085300000, 0x0000000085300000| Complete 
|  84|0x0000000085400000, 0x0000000085500000, 0x0000000085500000|100%| S|CS|TAMS 0x0000000085400000, 0x0000000085400000| Complete 
|  85|0x0000000085500000, 0x0000000085600000, 0x0000000085600000|100%| S|CS|TAMS 0x0000000085500000, 0x0000000085500000| Complete 
|  86|0x0000000085600000, 0x0000000085600000, 0x0000000085700000|  0%| F|  |TAMS 0x0000000085600000, 0x0000000085600000| Untracked 
|  87|0x0000000085700000, 0x0000000085700000, 0x0000000085800000|  0%| F|  |TAMS 0x0000000085700000, 0x0000000085700000| Untracked 
|  88|0x0000000085800000, 0x0000000085800000, 0x0000000085900000|  0%| F|  |TAMS 0x0000000085800000, 0x0000000085800000| Untracked 
|  89|0x0000000085900000, 0x0000000085900000, 0x0000000085a00000|  0%| F|  |TAMS 0x0000000085900000, 0x0000000085900000| Untracked 
|  90|0x0000000085a00000, 0x0000000085a00000, 0x0000000085b00000|  0%| F|  |TAMS 0x0000000085a00000, 0x0000000085a00000| Untracked 
|  91|0x0000000085b00000, 0x0000000085b00000, 0x0000000085c00000|  0%| F|  |TAMS 0x0000000085b00000, 0x0000000085b00000| Untracked 
|  92|0x0000000085c00000, 0x0000000085c00000, 0x0000000085d00000|  0%| F|  |TAMS 0x0000000085c00000, 0x0000000085c00000| Untracked 
|  93|0x0000000085d00000, 0x0000000085d00000, 0x0000000085e00000|  0%| F|  |TAMS 0x0000000085d00000, 0x0000000085d00000| Untracked 
|  94|0x0000000085e00000, 0x0000000085e00000, 0x0000000085f00000|  0%| F|  |TAMS 0x0000000085e00000, 0x0000000085e00000| Untracked 
|  95|0x0000000085f00000, 0x0000000085f00000, 0x0000000086000000|  0%| F|  |TAMS 0x0000000085f00000, 0x0000000085f00000| Untracked 
|  96|0x0000000086000000, 0x0000000086000000, 0x0000000086100000|  0%| F|  |TAMS 0x0000000086000000, 0x0000000086000000| Untracked 
|  97|0x0000000086100000, 0x0000000086100000, 0x0000000086200000|  0%| F|  |TAMS 0x0000000086100000, 0x0000000086100000| Untracked 
|  98|0x0000000086200000, 0x0000000086200000, 0x0000000086300000|  0%| F|  |TAMS 0x0000000086200000, 0x0000000086200000| Untracked 
|  99|0x0000000086300000, 0x0000000086300000, 0x0000000086400000|  0%| F|  |TAMS 0x0000000086300000, 0x0000000086300000| Untracked 
| 100|0x0000000086400000, 0x0000000086400000, 0x0000000086500000|  0%| F|  |TAMS 0x0000000086400000, 0x0000000086400000| Untracked 
| 101|0x0000000086500000, 0x0000000086500000, 0x0000000086600000|  0%| F|  |TAMS 0x0000000086500000, 0x0000000086500000| Untracked 
| 102|0x0000000086600000, 0x0000000086600000, 0x0000000086700000|  0%| F|  |TAMS 0x0000000086600000, 0x0000000086600000| Untracked 
| 103|0x0000000086700000, 0x0000000086700000, 0x0000000086800000|  0%| F|  |TAMS 0x0000000086700000, 0x0000000086700000| Untracked 
| 104|0x0000000086800000, 0x0000000086800000, 0x0000000086900000|  0%| F|  |TAMS 0x0000000086800000, 0x0000000086800000| Untracked 
| 105|0x0000000086900000, 0x0000000086900000, 0x0000000086a00000|  0%| F|  |TAMS 0x0000000086900000, 0x0000000086900000| Untracked 
| 106|0x0000000086a00000, 0x0000000086a00000, 0x0000000086b00000|  0%| F|  |TAMS 0x0000000086a00000, 0x0000000086a00000| Untracked 
| 107|0x0000000086b00000, 0x0000000086b00000, 0x0000000086c00000|  0%| F|  |TAMS 0x0000000086b00000, 0x0000000086b00000| Untracked 
| 108|0x0000000086c00000, 0x0000000086c00000, 0x0000000086d00000|  0%| F|  |TAMS 0x0000000086c00000, 0x0000000086c00000| Untracked 
| 109|0x0000000086d00000, 0x0000000086d00000, 0x0000000086e00000|  0%| F|  |TAMS 0x0000000086d00000, 0x0000000086d00000| Untracked 
| 110|0x0000000086e00000, 0x0000000086e00000, 0x0000000086f00000|  0%| F|  |TAMS 0x0000000086e00000, 0x0000000086e00000| Untracked 
| 204|0x000000008cc00000, 0x000000008cc00000, 0x000000008cd00000|  0%| F|  |TAMS 0x000000008cc00000, 0x000000008cc00000| Untracked 
| 205|0x000000008cd00000, 0x000000008cd00000, 0x000000008ce00000|  0%| F|  |TAMS 0x000000008cd00000, 0x000000008cd00000| Untracked 
| 206|0x000000008ce00000, 0x000000008ce00000, 0x000000008cf00000|  0%| F|  |TAMS 0x000000008ce00000, 0x000000008ce00000| Untracked 
| 207|0x000000008cf00000, 0x000000008cf00000, 0x000000008d000000|  0%| F|  |TAMS 0x000000008cf00000, 0x000000008cf00000| Untracked 
| 208|0x000000008d000000, 0x000000008d000000, 0x000000008d100000|  0%| F|  |TAMS 0x000000008d000000, 0x000000008d000000| Untracked 
| 209|0x000000008d100000, 0x000000008d100000, 0x000000008d200000|  0%| F|  |TAMS 0x000000008d100000, 0x000000008d100000| Untracked 
| 210|0x000000008d200000, 0x000000008d200000, 0x000000008d300000|  0%| F|  |TAMS 0x000000008d200000, 0x000000008d200000| Untracked 
| 211|0x000000008d300000, 0x000000008d300000, 0x000000008d400000|  0%| F|  |TAMS 0x000000008d300000, 0x000000008d300000| Untracked 
| 253|0x000000008fd00000, 0x000000008fd00000, 0x000000008fe00000|  0%| F|  |TAMS 0x000000008fd00000, 0x000000008fd00000| Untracked 

Card table byte_map: [0x00000268fdb00000,0x00000268fdf00000] _byte_map_base: 0x00000268fd700000

Marking Bits (Prev, Next): (CMBitMap*) 0x00000268fb481020, (CMBitMap*) 0x00000268fb480fe0
 Prev Bits: [0x0000026894400000, 0x0000026896400000)
 Next Bits: [0x0000026892400000, 0x0000026894400000)

Polling page: 0x00000268fb2c0000

Metaspace:

Usage:
  Non-class:     68.78 MB used.
      Class:     10.84 MB used.
       Both:     79.63 MB used.

Virtual space:
  Non-class space:       72.00 MB reserved,      69.12 MB ( 96%) committed,  9 nodes.
      Class space:        1.00 GB reserved,      11.12 MB (  1%) committed,  1 nodes.
             Both:        1.07 GB reserved,      80.25 MB (  7%) committed. 

Chunk freelists:
   Non-Class:  2.69 MB
       Class:  864.00 KB
        Both:  3.53 MB

MaxMetaspaceSize: unlimited
CompressedClassSpaceSize: 1.00 GB
Initial GC threshold: 21.00 MB
Current GC threshold: 122.44 MB
CDS: off
MetaspaceReclaimPolicy: balanced
 - commit_granule_bytes: 65536.
 - commit_granule_words: 8192.
 - virtual_space_node_default_size: 1048576.
 - enlarge_chunks_in_place: 1.
 - new_chunks_are_fully_committed: 0.
 - uncommit_free_chunks: 1.
 - use_allocation_guard: 0.
 - handle_deallocations: 1.


Internal statistics:

num_allocs_failed_limit: 6.
num_arena_births: 726.
num_arena_deaths: 0.
num_vsnodes_births: 10.
num_vsnodes_deaths: 0.
num_space_committed: 1284.
num_space_uncommitted: 0.
num_chunks_returned_to_freelist: 6.
num_chunks_taken_from_freelist: 3587.
num_chunk_merges: 6.
num_chunk_splits: 2371.
num_chunks_enlarged: 1603.
num_purges: 0.
num_inconsistent_stats: 0.

CodeHeap 'non-profiled nmethods': size=120000Kb used=4815Kb max_used=4815Kb free=115184Kb
 bounds [0x000002688aed0000, 0x000002688b390000, 0x0000026892400000]
CodeHeap 'profiled nmethods': size=120000Kb used=14879Kb max_used=14879Kb free=105120Kb
 bounds [0x0000026883400000, 0x0000026884290000, 0x000002688a930000]
CodeHeap 'non-nmethods': size=5760Kb used=2377Kb max_used=2430Kb free=3382Kb
 bounds [0x000002688a930000, 0x000002688aba0000, 0x000002688aed0000]
 total_blobs=8438 nmethods=7546 adapters=804
 compilation: enabled
              stopped_count=0, restarted_count=0
 full_count=0

Compilation events (20 events):
Event: 24.791 Thread 0x00000268ff88eac0 8366       3       java.lang.CharacterDataLatin1::digit (32 bytes)
Event: 24.791 Thread 0x00000268ff88eac0 nmethod 8366 0x0000026884275290 code [0x0000026884275440, 0x0000026884275698]
Event: 24.803 Thread 0x00000268ff88eac0 8367       3       java.util.TimSort::mergeHi (732 bytes)
Event: 24.806 Thread 0x00000268ff88eac0 nmethod 8367 0x0000026884275790 code [0x0000026884275b20, 0x0000026884277f78]
Event: 24.807 Thread 0x00000268ff88eac0 8370       3       com.sun.beans.util.Cache$Kind$Soft::isStale (14 bytes)
Event: 24.807 Thread 0x00000268ff88eac0 nmethod 8370 0x0000026884278710 code [0x00000268842788c0, 0x0000026884278ac8]
Event: 24.824 Thread 0x00000268ff88eac0 8375       3       java.beans.Introspector::processPropertyDescriptors (964 bytes)
Event: 24.833 Thread 0x00000268ff88eac0 nmethod 8375 0x0000026884278b90 code [0x00000268842794c0, 0x0000026884280038]
Event: 24.837 Thread 0x00000268ff88eac0 8376       3       com.sun.beans.introspect.MethodInfo::isThrow (42 bytes)
Event: 24.838 Thread 0x00000268ff88eac0 nmethod 8376 0x0000026884281a10 code [0x0000026884281be0, 0x0000026884282028]
Event: 24.840 Thread 0x00000268ff88eac0 8377       3       org.codehaus.groovy.util.ComplexKeyHashMap::resize (103 bytes)
Event: 24.841 Thread 0x00000268ff88eac0 nmethod 8377 0x0000026884282190 code [0x0000026884282360, 0x0000026884282918]
Event: 24.852 Thread 0x00000268ff88eac0 8378       3       org.codehaus.groovy.reflection.CachedClass$3::initValue (5 bytes)
Event: 24.853 Thread 0x00000268ff88eac0 nmethod 8378 0x0000026884282b10 code [0x0000026884282cc0, 0x0000026884282e08]
Event: 24.853 Thread 0x00000268ff88eac0 8379       3       org.codehaus.groovy.reflection.CachedClass$3::initValue (194 bytes)
Event: 24.856 Thread 0x00000268ff88eac0 nmethod 8379 0x0000026884282e90 code [0x0000026884283260, 0x0000026884285118]
Event: 24.856 Thread 0x00000268ff88eac0 8380       3       org.codehaus.groovy.reflection.CachedClass$3$$Lambda$400/0x00000001004f57a0::run (8 bytes)
Event: 24.856 Thread 0x00000268ff88eac0 nmethod 8380 0x0000026884285d10 code [0x0000026884285ec0, 0x0000026884286008]
Event: 24.856 Thread 0x00000268ff88eac0 8381   !   3       org.codehaus.groovy.reflection.CachedClass$3::lambda$initValue$4 (63 bytes)
Event: 24.858 Thread 0x00000268ff88eac0 nmethod 8381 0x0000026884286110 code [0x0000026884286420, 0x0000026884287558]

GC Heap History (20 events):
Event: 17.639 GC heap after
{Heap after GC invocations=31 (full 0):
 garbage-first heap   total 81920K, used 48349K [0x0000000080000000, 0x0000000100000000)
  region size 1024K, 3 young (3072K), 3 survivors (3072K)
 Metaspace       used 62090K, committed 62592K, reserved 1105920K
  class space    used 8207K, committed 8448K, reserved 1048576K
}
Event: 17.746 GC heap before
{Heap before GC invocations=31 (full 0):
 garbage-first heap   total 81920K, used 50397K [0x0000000080000000, 0x0000000100000000)
  region size 1024K, 6 young (6144K), 3 survivors (3072K)
 Metaspace       used 62436K, committed 62912K, reserved 1105920K
  class space    used 8250K, committed 8448K, reserved 1048576K
}
Event: 17.753 GC heap after
{Heap after GC invocations=32 (full 0):
 garbage-first heap   total 81920K, used 48834K [0x0000000080000000, 0x0000000100000000)
  region size 1024K, 2 young (2048K), 2 survivors (2048K)
 Metaspace       used 62436K, committed 62912K, reserved 1105920K
  class space    used 8250K, committed 8448K, reserved 1048576K
}
Event: 18.081 GC heap before
{Heap before GC invocations=33 (full 0):
 garbage-first heap   total 102400K, used 69314K [0x0000000080000000, 0x0000000100000000)
  region size 1024K, 16 young (16384K), 2 survivors (2048K)
 Metaspace       used 62811K, committed 63296K, reserved 1105920K
  class space    used 8300K, committed 8512K, reserved 1048576K
}
Event: 18.087 GC heap after
{Heap after GC invocations=34 (full 0):
 garbage-first heap   total 102400K, used 50476K [0x0000000080000000, 0x0000000100000000)
  region size 1024K, 2 young (2048K), 2 survivors (2048K)
 Metaspace       used 62811K, committed 63296K, reserved 1105920K
  class space    used 8300K, committed 8512K, reserved 1048576K
}
Event: 18.191 GC heap before
{Heap before GC invocations=34 (full 0):
 garbage-first heap   total 102400K, used 53548K [0x0000000080000000, 0x0000000100000000)
  region size 1024K, 5 young (5120K), 2 survivors (2048K)
 Metaspace       used 63212K, committed 63680K, reserved 1105920K
  class space    used 8363K, committed 8576K, reserved 1048576K
}
Event: 18.201 GC heap after
{Heap after GC invocations=35 (full 0):
 garbage-first heap   total 122880K, used 50471K [0x0000000080000000, 0x0000000100000000)
  region size 1024K, 1 young (1024K), 1 survivors (1024K)
 Metaspace       used 63212K, committed 63680K, reserved 1105920K
  class space    used 8363K, committed 8576K, reserved 1048576K
}
Event: 19.414 GC heap before
{Heap before GC invocations=35 (full 0):
 garbage-first heap   total 122880K, used 84263K [0x0000000080000000, 0x0000000100000000)
  region size 1024K, 34 young (34816K), 1 survivors (1024K)
 Metaspace       used 66300K, committed 66880K, reserved 1114112K
  class space    used 8739K, committed 9024K, reserved 1048576K
}
Event: 19.422 GC heap after
{Heap after GC invocations=36 (full 0):
 garbage-first heap   total 122880K, used 52959K [0x0000000080000000, 0x0000000100000000)
  region size 1024K, 3 young (3072K), 3 survivors (3072K)
 Metaspace       used 66300K, committed 66880K, reserved 1114112K
  class space    used 8739K, committed 9024K, reserved 1048576K
}
Event: 20.160 GC heap before
{Heap before GC invocations=36 (full 0):
 garbage-first heap   total 122880K, used 87775K [0x0000000080000000, 0x0000000100000000)
  region size 1024K, 37 young (37888K), 3 survivors (3072K)
 Metaspace       used 67564K, committed 68160K, reserved 1114112K
  class space    used 8914K, committed 9216K, reserved 1048576K
}
Event: 20.171 GC heap after
{Heap after GC invocations=37 (full 0):
 garbage-first heap   total 122880K, used 55778K [0x0000000080000000, 0x0000000100000000)
  region size 1024K, 3 young (3072K), 3 survivors (3072K)
 Metaspace       used 67564K, committed 68160K, reserved 1114112K
  class space    used 8914K, committed 9216K, reserved 1048576K
}
Event: 21.218 GC heap before
{Heap before GC invocations=37 (full 0):
 garbage-first heap   total 122880K, used 90594K [0x0000000080000000, 0x0000000100000000)
  region size 1024K, 37 young (37888K), 3 survivors (3072K)
 Metaspace       used 70604K, committed 71232K, reserved 1114112K
  class space    used 9443K, committed 9728K, reserved 1048576K
}
Event: 21.226 GC heap after
{Heap after GC invocations=38 (full 0):
 garbage-first heap   total 122880K, used 58011K [0x0000000080000000, 0x0000000100000000)
  region size 1024K, 3 young (3072K), 3 survivors (3072K)
 Metaspace       used 70604K, committed 71232K, reserved 1114112K
  class space    used 9443K, committed 9728K, reserved 1048576K
}
Event: 22.467 GC heap before
{Heap before GC invocations=38 (full 0):
 garbage-first heap   total 122880K, used 92827K [0x0000000080000000, 0x0000000100000000)
  region size 1024K, 37 young (37888K), 3 survivors (3072K)
 Metaspace       used 74435K, committed 75008K, reserved 1114112K
  class space    used 10074K, committed 10368K, reserved 1048576K
}
Event: 22.477 GC heap after
{Heap after GC invocations=39 (full 0):
 garbage-first heap   total 122880K, used 61020K [0x0000000080000000, 0x0000000100000000)
  region size 1024K, 5 young (5120K), 5 survivors (5120K)
 Metaspace       used 74435K, committed 75008K, reserved 1114112K
  class space    used 10074K, committed 10368K, reserved 1048576K
}
Event: 23.658 GC heap before
{Heap before GC invocations=40 (full 0):
 garbage-first heap   total 122880K, used 95836K [0x0000000080000000, 0x0000000100000000)
  region size 1024K, 39 young (39936K), 5 survivors (5120K)
 Metaspace       used 78155K, committed 78784K, reserved 1122304K
  class space    used 10667K, committed 10944K, reserved 1048576K
}
Event: 23.670 GC heap after
{Heap after GC invocations=41 (full 0):
 garbage-first heap   total 122880K, used 63447K [0x0000000080000000, 0x0000000100000000)
  region size 1024K, 3 young (3072K), 3 survivors (3072K)
 Metaspace       used 78155K, committed 78784K, reserved 1122304K
  class space    used 10667K, committed 10944K, reserved 1048576K
}
Event: 23.786 GC heap before
{Heap before GC invocations=41 (full 0):
 garbage-first heap   total 122880K, used 66519K [0x0000000080000000, 0x0000000100000000)
  region size 1024K, 6 young (6144K), 3 survivors (3072K)
 Metaspace       used 78474K, committed 79040K, reserved 1122304K
  class space    used 10716K, committed 10944K, reserved 1048576K
}
Event: 23.793 GC heap after
{Heap after GC invocations=42 (full 0):
 garbage-first heap   total 122880K, used 63394K [0x0000000080000000, 0x0000000100000000)
  region size 1024K, 1 young (1024K), 1 survivors (1024K)
 Metaspace       used 78474K, committed 79040K, reserved 1122304K
  class space    used 10716K, committed 10944K, reserved 1048576K
}
Event: 24.859 GC heap before
{Heap before GC invocations=42 (full 0):
 garbage-first heap   total 122880K, used 97186K [0x0000000080000000, 0x0000000100000000)
  region size 1024K, 34 young (34816K), 1 survivors (1024K)
 Metaspace       used 81538K, committed 82176K, reserved 1122304K
  class space    used 11104K, committed 11392K, reserved 1048576K
}

Dll operation events (2 events):
Event: 0.011 Loaded shared library C:\Program Files\Android\Android Studio\jbr\bin\java.dll
Event: 0.789 Loaded shared library C:\Program Files\Android\Android Studio\jbr\bin\verify.dll

Deoptimization events (20 events):
Event: 24.374 Thread 0x0000026899340080 DEOPT PACKING pc=0x000002688b371d74 sp=0x00000089f24f8150
Event: 24.374 Thread 0x0000026899340080 DEOPT UNPACKING pc=0x000002688a98a1a3 sp=0x00000089f24f80c8 mode 2
Event: 24.374 Thread 0x0000026899340080 Uncommon trap: trap_request=0xffffffde fr.pc=0x000002688b371d74 relative=0x00000000000002b4
Event: 24.374 Thread 0x0000026899340080 Uncommon trap: reason=class_check action=maybe_recompile pc=0x000002688b371d74 method=com.google.common.collect.ComparatorOrdering.compare(Ljava/lang/Object;Ljava/lang/Object;)I @ 6 c2
Event: 24.374 Thread 0x0000026899340080 DEOPT PACKING pc=0x000002688b371d74 sp=0x00000089f24f8140
Event: 24.374 Thread 0x0000026899340080 DEOPT UNPACKING pc=0x000002688a98a1a3 sp=0x00000089f24f80b8 mode 2
Event: 24.374 Thread 0x0000026899340080 Uncommon trap: trap_request=0xffffffde fr.pc=0x000002688b371d74 relative=0x00000000000002b4
Event: 24.374 Thread 0x0000026899340080 Uncommon trap: reason=class_check action=maybe_recompile pc=0x000002688b371d74 method=com.google.common.collect.ComparatorOrdering.compare(Ljava/lang/Object;Ljava/lang/Object;)I @ 6 c2
Event: 24.374 Thread 0x0000026899340080 DEOPT PACKING pc=0x000002688b371d74 sp=0x00000089f24f8140
Event: 24.374 Thread 0x0000026899340080 DEOPT UNPACKING pc=0x000002688a98a1a3 sp=0x00000089f24f80b8 mode 2
Event: 24.397 Thread 0x0000026899340080 Uncommon trap: trap_request=0xffffff45 fr.pc=0x000002688b3763c4 relative=0x0000000000002a04
Event: 24.397 Thread 0x0000026899340080 Uncommon trap: reason=unstable_if action=reinterpret pc=0x000002688b3763c4 method=java.util.HashMap.putVal(ILjava/lang/Object;Ljava/lang/Object;ZZ)Ljava/lang/Object; @ 109 c2
Event: 24.397 Thread 0x0000026899340080 DEOPT PACKING pc=0x000002688b3763c4 sp=0x00000089f24f89c0
Event: 24.397 Thread 0x0000026899340080 DEOPT UNPACKING pc=0x000002688a98a1a3 sp=0x00000089f24f8880 mode 2
Event: 24.444 Thread 0x0000026899340080 DEOPT PACKING pc=0x00000268839b3013 sp=0x00000089f24f9240
Event: 24.444 Thread 0x0000026899340080 DEOPT UNPACKING pc=0x000002688a98ace3 sp=0x00000089f24f8808 mode 0
Event: 24.621 Thread 0x0000026899340080 Uncommon trap: trap_request=0xffffff45 fr.pc=0x000002688b0b81e8 relative=0x0000000000000628
Event: 24.621 Thread 0x0000026899340080 Uncommon trap: reason=unstable_if action=reinterpret pc=0x000002688b0b81e8 method=java.util.HashMap$HashIterator.<init>(Ljava/util/HashMap;)V @ 45 c2
Event: 24.621 Thread 0x0000026899340080 DEOPT PACKING pc=0x000002688b0b81e8 sp=0x00000089f24fbda0
Event: 24.621 Thread 0x0000026899340080 DEOPT UNPACKING pc=0x000002688a98a1a3 sp=0x00000089f24fbc30 mode 2

Classes unloaded (0 events):
No events

Classes redefined (0 events):
No events

Internal exceptions (20 events):
Event: 24.701 Thread 0x0000026899340080 Exception <a 'java/lang/ClassNotFoundException'{0x0000000085b4ee60}: com/google/common/collect/RegularImmutableListCustomizer> (0x0000000085b4ee60) 
thrown [s\src\hotspot\share\classfile\systemDictionary.cpp, line 256]
Event: 24.794 Thread 0x0000026899340080 Exception <a 'java/lang/ClassNotFoundException'{0x0000000085825d58}: com/android/build/gradle/tasks/sync/ApplicationVariantModelTask_DecoratedBeanInfo> (0x0000000085825d58) 
thrown [s\src\hotspot\share\classfile\systemDictionary.cpp, line 256]
Event: 24.796 Thread 0x0000026899340080 Exception <a 'java/lang/ClassNotFoundException'{0x00000000858319d8}: com/android/build/gradle/tasks/sync/ApplicationVariantModelTaskBeanInfo> (0x00000000858319d8) 
thrown [s\src\hotspot\share\classfile\systemDictionary.cpp, line 256]
Event: 24.797 Thread 0x0000026899340080 Exception <a 'java/lang/ClassNotFoundException'{0x000000008583e5b0}: com/android/build/gradle/tasks/sync/ModuleVariantModelTaskBeanInfo> (0x000000008583e5b0) 
thrown [s\src\hotspot\share\classfile\systemDictionary.cpp, line 256]
Event: 24.798 Thread 0x0000026899340080 Exception <a 'java/lang/ClassNotFoundException'{0x000000008584b1a0}: com/android/build/gradle/tasks/sync/AbstractVariantModelTaskBeanInfo> (0x000000008584b1a0) 
thrown [s\src\hotspot\share\classfile\systemDictionary.cpp, line 256]
Event: 24.798 Thread 0x0000026899340080 Exception <a 'java/lang/ClassNotFoundException'{0x0000000085858018}: com/android/build/gradle/internal/tasks/NonIncrementalTaskBeanInfo> (0x0000000085858018) 
thrown [s\src\hotspot\share\classfile\systemDictionary.cpp, line 256]
Event: 24.799 Thread 0x0000026899340080 Exception <a 'java/lang/ClassNotFoundException'{0x0000000085864e90}: com/android/build/gradle/internal/tasks/AndroidVariantTaskBeanInfo> (0x0000000085864e90) 
thrown [s\src\hotspot\share\classfile\systemDictionary.cpp, line 256]
Event: 24.800 Thread 0x0000026899340080 Exception <a 'java/lang/ClassNotFoundException'{0x0000000085871bd0}: com/android/build/gradle/internal/tasks/BaseTaskBeanInfo> (0x0000000085871bd0) 
thrown [s\src\hotspot\share\classfile\systemDictionary.cpp, line 256]
Event: 24.801 Thread 0x0000026899340080 Exception <a 'java/lang/ClassNotFoundException'{0x000000008587d020}: org/gradle/api/DefaultTaskBeanInfo> (0x000000008587d020) 
thrown [s\src\hotspot\share\classfile\systemDictionary.cpp, line 256]
Event: 24.801 Thread 0x0000026899340080 Exception <a 'java/lang/ClassNotFoundException'{0x0000000085888980}: org/gradle/api/internal/AbstractTaskBeanInfo> (0x0000000085888980) 
thrown [s\src\hotspot\share\classfile\systemDictionary.cpp, line 256]
Event: 24.802 Thread 0x0000026899340080 Exception <a 'java/lang/ClassNotFoundException'{0x0000000085893fe8}: org/gradle/api/internal/AbstractTaskCustomizer> (0x0000000085893fe8) 
thrown [s\src\hotspot\share\classfile\systemDictionary.cpp, line 256]
Event: 24.807 Thread 0x0000026899340080 Exception <a 'java/lang/ClassNotFoundException'{0x00000000858f0b38}: org/gradle/api/DefaultTaskCustomizer> (0x00000000858f0b38) 
thrown [s\src\hotspot\share\classfile\systemDictionary.cpp, line 256]
Event: 24.811 Thread 0x0000026899340080 Exception <a 'java/lang/ClassNotFoundException'{0x000000008575ac28}: com/android/build/gradle/internal/tasks/BaseTaskCustomizer> (0x000000008575ac28) 
thrown [s\src\hotspot\share\classfile\systemDictionary.cpp, line 256]
Event: 24.814 Thread 0x0000026899340080 Exception <a 'java/lang/ClassNotFoundException'{0x0000000085778e00}: com/android/build/gradle/internal/tasks/AndroidVariantTaskCustomizer> (0x0000000085778e00) 
thrown [s\src\hotspot\share\classfile\systemDictionary.cpp, line 256]
Event: 24.818 Thread 0x0000026899340080 Exception <a 'java/lang/ClassNotFoundException'{0x0000000085795470}: com/android/build/gradle/internal/tasks/NonIncrementalTaskCustomizer> (0x0000000085795470) 
thrown [s\src\hotspot\share\classfile\systemDictionary.cpp, line 256]
Event: 24.821 Thread 0x0000026899340080 Exception <a 'java/lang/ClassNotFoundException'{0x00000000857b0880}: com/android/build/gradle/tasks/sync/AbstractVariantModelTaskCustomizer> (0x00000000857b0880) 
thrown [s\src\hotspot\share\classfile\systemDictionary.cpp, line 256]
Event: 24.823 Thread 0x0000026899340080 Exception <a 'java/lang/ClassNotFoundException'{0x00000000857cc300}: com/android/build/gradle/tasks/sync/ModuleVariantModelTaskCustomizer> (0x00000000857cc300) 
thrown [s\src\hotspot\share\classfile\systemDictionary.cpp, line 256]
Event: 24.834 Thread 0x0000026899340080 Exception <a 'java/lang/ClassNotFoundException'{0x00000000857e8068}: com/android/build/gradle/tasks/sync/ApplicationVariantModelTaskCustomizer> (0x00000000857e8068) 
thrown [s\src\hotspot\share\classfile\systemDictionary.cpp, line 256]
Event: 24.836 Thread 0x0000026899340080 Exception <a 'java/lang/ClassNotFoundException'{0x0000000085604c48}: com/android/build/gradle/tasks/sync/ApplicationVariantModelTask_DecoratedCustomizer> (0x0000000085604c48) 
thrown [s\src\hotspot\share\classfile\systemDictionary.cpp, line 256]
Event: 24.858 Thread 0x0000026899340080 Exception <a 'java/lang/ClassNotFoundException'{0x00000000856c1f60}: org/gradle/api/tasks/testing/AbstractTestTaskBeanInfo> (0x00000000856c1f60) 
thrown [s\src\hotspot\share\classfile\systemDictionary.cpp, line 256]

VM Operations (20 events):
Event: 23.302 Executing VM operation: HandshakeAllThreads done
Event: 23.319 Executing VM operation: ICBufferFull
Event: 23.319 Executing VM operation: ICBufferFull done
Event: 23.493 Executing VM operation: HandshakeAllThreads
Event: 23.493 Executing VM operation: HandshakeAllThreads done
Event: 23.657 Executing VM operation: G1CollectForAllocation
Event: 23.671 Executing VM operation: G1CollectForAllocation done
Event: 23.785 Executing VM operation: G1CollectForAllocation
Event: 23.793 Executing VM operation: G1CollectForAllocation done
Event: 23.880 Executing VM operation: HandshakeAllThreads
Event: 23.880 Executing VM operation: HandshakeAllThreads done
Event: 23.992 Executing VM operation: HandshakeAllThreads
Event: 23.993 Executing VM operation: HandshakeAllThreads done
Event: 24.210 Executing VM operation: HandshakeAllThreads
Event: 24.210 Executing VM operation: HandshakeAllThreads done
Event: 24.285 Executing VM operation: ICBufferFull
Event: 24.285 Executing VM operation: ICBufferFull done
Event: 24.705 Executing VM operation: HandshakeAllThreads
Event: 24.705 Executing VM operation: HandshakeAllThreads done
Event: 24.858 Executing VM operation: G1CollectForAllocation

Events (20 events):
Event: 23.946 loading class jdk/internal/reflect/UnsafeIntegerFieldAccessorImpl
Event: 23.946 loading class jdk/internal/reflect/UnsafeIntegerFieldAccessorImpl done
Event: 23.950 loading class com/sun/org/apache/xerces/internal/impl/io/MalformedByteSequenceException
Event: 23.950 loading class java/io/CharConversionException
Event: 23.950 loading class java/io/CharConversionException done
Event: 23.950 loading class com/sun/org/apache/xerces/internal/impl/io/MalformedByteSequenceException done
Event: 23.959 loading class java/util/EnumMap$EntrySet
Event: 23.959 loading class java/util/EnumMap$EntrySet done
Event: 23.960 loading class java/util/EnumMap$EntryIterator
Event: 23.961 loading class java/util/EnumMap$EnumMapIterator
Event: 23.961 loading class java/util/EnumMap$EnumMapIterator done
Event: 23.961 loading class java/util/EnumMap$EntryIterator done
Event: 23.961 loading class java/util/EnumMap$EntryIterator$Entry
Event: 23.961 loading class java/util/EnumMap$EntryIterator$Entry done
Event: 23.984 loading class jdk/internal/reflect/UnsafeBooleanFieldAccessorImpl
Event: 23.984 loading class jdk/internal/reflect/UnsafeBooleanFieldAccessorImpl done
Event: 24.588 loading class java/util/IdentityHashMap$KeyIterator
Event: 24.589 loading class java/util/IdentityHashMap$IdentityHashMapIterator
Event: 24.589 loading class java/util/IdentityHashMap$IdentityHashMapIterator done
Event: 24.589 loading class java/util/IdentityHashMap$KeyIterator done


Dynamic libraries:
0x00007ff7318e0000 - 0x00007ff7318ea000 	C:\Program Files\Android\Android Studio\jbr\bin\java.exe
0x00007ffb723b0000 - 0x00007ffb725a8000 	C:\WINDOWS\SYSTEM32\ntdll.dll
0x00007ffb72170000 - 0x00007ffb7222f000 	C:\WINDOWS\System32\KERNEL32.DLL
0x00007ffb6fda0000 - 0x00007ffb70096000 	C:\WINDOWS\System32\KERNELBASE.dll
0x00007ffb6fb00000 - 0x00007ffb6fc00000 	C:\WINDOWS\System32\ucrtbase.dll
0x00007ffb47330000 - 0x00007ffb47347000 	C:\Program Files\Android\Android Studio\jbr\bin\jli.dll
0x00007ffb46f10000 - 0x00007ffb46f2b000 	C:\Program Files\Android\Android Studio\jbr\bin\VCRUNTIME140.dll
0x00007ffb70df0000 - 0x00007ffb70f8d000 	C:\WINDOWS\System32\USER32.dll
0x00007ffb5b350000 - 0x00007ffb5b5ea000 	C:\WINDOWS\WinSxS\amd64_microsoft.windows.common-controls_6595b64144ccf1df_6.0.19041.1110_none_60b5254171f9507e\COMCTL32.dll
0x00007ffb6fd70000 - 0x00007ffb6fd92000 	C:\WINDOWS\System32\win32u.dll
0x00007ffb71a80000 - 0x00007ffb71b1e000 	C:\WINDOWS\System32\msvcrt.dll
0x00007ffb71b20000 - 0x00007ffb71b4c000 	C:\WINDOWS\System32\GDI32.dll
0x00007ffb6fc50000 - 0x00007ffb6fd65000 	C:\WINDOWS\System32\gdi32full.dll
0x00007ffb702b0000 - 0x00007ffb7034d000 	C:\WINDOWS\System32\msvcp_win.dll
0x00007ffb71b50000 - 0x00007ffb71b80000 	C:\WINDOWS\System32\IMM32.DLL
0x00007ffb4ef00000 - 0x00007ffb4ef0c000 	C:\Program Files\Android\Android Studio\jbr\bin\vcruntime140_1.dll
0x00007ffb3a170000 - 0x00007ffb3a1fd000 	C:\Program Files\Android\Android Studio\jbr\bin\msvcp140.dll
0x00007ffb0f1a0000 - 0x00007ffb0fe0d000 	C:\Program Files\Android\Android Studio\jbr\bin\server\jvm.dll
0x00007ffb715c0000 - 0x00007ffb7166f000 	C:\WINDOWS\System32\ADVAPI32.dll
0x00007ffb714c0000 - 0x00007ffb7155c000 	C:\WINDOWS\System32\sechost.dll
0x00007ffb70cc0000 - 0x00007ffb70de6000 	C:\WINDOWS\System32\RPCRT4.dll
0x00007ffb67440000 - 0x00007ffb67449000 	C:\WINDOWS\SYSTEM32\WSOCK32.dll
0x00007ffb6a260000 - 0x00007ffb6a287000 	C:\WINDOWS\SYSTEM32\WINMM.dll
0x00007ffb65da0000 - 0x00007ffb65daa000 	C:\WINDOWS\SYSTEM32\VERSION.dll
0x00007ffb71b90000 - 0x00007ffb71bfb000 	C:\WINDOWS\System32\WS2_32.dll
0x00007ffb6e2e0000 - 0x00007ffb6e2f2000 	C:\WINDOWS\SYSTEM32\kernel.appcore.dll
0x00007ffb67bb0000 - 0x00007ffb67bba000 	C:\Program Files\Android\Android Studio\jbr\bin\jimage.dll
0x00007ffb6a800000 - 0x00007ffb6a9e4000 	C:\WINDOWS\SYSTEM32\DBGHELP.DLL
0x00007ffb6a220000 - 0x00007ffb6a254000 	C:\WINDOWS\SYSTEM32\dbgcore.DLL
0x00007ffb70380000 - 0x00007ffb70402000 	C:\WINDOWS\System32\bcryptPrimitives.dll
0x00007ffb66fa0000 - 0x00007ffb66fc5000 	C:\Program Files\Android\Android Studio\jbr\bin\java.dll
0x00007ffb61c70000 - 0x00007ffb61c88000 	C:\Program Files\Android\Android Studio\jbr\bin\zip.dll
0x00007ffb70410000 - 0x00007ffb70b54000 	C:\WINDOWS\System32\SHELL32.dll
0x00007ffb6a9f0000 - 0x00007ffb6b183000 	C:\WINDOWS\SYSTEM32\windows.storage.dll
0x00007ffb71e10000 - 0x00007ffb72164000 	C:\WINDOWS\System32\combase.dll
0x00007ffb6f4f0000 - 0x00007ffb6f51e000 	C:\WINDOWS\SYSTEM32\Wldp.dll
0x00007ffb72230000 - 0x00007ffb722dd000 	C:\WINDOWS\System32\SHCORE.dll
0x00007ffb70f90000 - 0x00007ffb70fe5000 	C:\WINDOWS\System32\shlwapi.dll
0x00007ffb6f9d0000 - 0x00007ffb6f9ef000 	C:\WINDOWS\SYSTEM32\profapi.dll
0x00007ffb5e800000 - 0x00007ffb5e819000 	C:\Program Files\Android\Android Studio\jbr\bin\net.dll
0x00007ffb698c0000 - 0x00007ffb699ca000 	C:\WINDOWS\SYSTEM32\WINHTTP.dll
0x00007ffb6f250000 - 0x00007ffb6f2ba000 	C:\WINDOWS\system32\mswsock.dll
0x00007ffb5c5e0000 - 0x00007ffb5c5f6000 	C:\Program Files\Android\Android Studio\jbr\bin\nio.dll
0x00007ffb66080000 - 0x00007ffb66090000 	C:\Program Files\Android\Android Studio\jbr\bin\verify.dll
0x00007ffb4b1c0000 - 0x00007ffb4b1e7000 	C:\Users\hibae\.gradle\native\68d5fa5c4cc2d200863cafc0d521ce42e7d3e7ee720ec0a83991735586a16f82\windows-amd64\native-platform.dll
0x00007ffb2b130000 - 0x00007ffb2b274000 	C:\Users\hibae\.gradle\native\e376f236ea51e6404a007f0833ffe2c6e607c4080706a723a18a27aeea778392\windows-amd64\native-platform-file-events.dll
0x00007ffb66f90000 - 0x00007ffb66f99000 	C:\Program Files\Android\Android Studio\jbr\bin\management.dll
0x00007ffb660c0000 - 0x00007ffb660cb000 	C:\Program Files\Android\Android Studio\jbr\bin\management_ext.dll
0x00007ffb71c00000 - 0x00007ffb71c08000 	C:\WINDOWS\System32\PSAPI.DLL
0x00007ffb6f440000 - 0x00007ffb6f458000 	C:\WINDOWS\SYSTEM32\CRYPTSP.dll
0x00007ffb6eb00000 - 0x00007ffb6eb34000 	C:\WINDOWS\system32\rsaenh.dll
0x00007ffb70350000 - 0x00007ffb70377000 	C:\WINDOWS\System32\bcrypt.dll
0x00007ffb6f950000 - 0x00007ffb6f97e000 	C:\WINDOWS\SYSTEM32\USERENV.dll
0x00007ffb6f460000 - 0x00007ffb6f46c000 	C:\WINDOWS\SYSTEM32\CRYPTBASE.dll
0x00007ffb6eef0000 - 0x00007ffb6ef2c000 	C:\WINDOWS\SYSTEM32\IPHLPAPI.DLL
0x00007ffb71b80000 - 0x00007ffb71b88000 	C:\WINDOWS\System32\NSI.dll
0x00007ffb63340000 - 0x00007ffb63357000 	C:\WINDOWS\SYSTEM32\dhcpcsvc6.DLL
0x00007ffb65ab0000 - 0x00007ffb65acd000 	C:\WINDOWS\SYSTEM32\dhcpcsvc.DLL
0x00007ffb6ef30000 - 0x00007ffb6effb000 	C:\WINDOWS\SYSTEM32\DNSAPI.dll
0x00007ffb65c20000 - 0x00007ffb65c27000 	C:\WINDOWS\system32\wshunix.dll

dbghelp: loaded successfully - version: 4.0.5 - missing functions: none
symbol engine: initialized successfully - sym options: 0x614 - pdb path: .;C:\Program Files\Android\Android Studio\jbr\bin;C:\WINDOWS\SYSTEM32;C:\WINDOWS\WinSxS\amd64_microsoft.windows.common-controls_6595b64144ccf1df_6.0.19041.1110_none_60b5254171f9507e;C:\Program Files\Android\Android Studio\jbr\bin\server;C:\Users\hibae\.gradle\native\68d5fa5c4cc2d200863cafc0d521ce42e7d3e7ee720ec0a83991735586a16f82\windows-amd64;C:\Users\hibae\.gradle\native\e376f236ea51e6404a007f0833ffe2c6e607c4080706a723a18a27aeea778392\windows-amd64

VM Arguments:
jvm_args: --add-opens=java.base/java.util=ALL-UNNAMED --add-opens=java.base/java.lang=ALL-UNNAMED --add-opens=java.base/java.lang.invoke=ALL-UNNAMED --add-opens=java.prefs/java.util.prefs=ALL-UNNAMED --add-opens=java.base/java.nio.charset=ALL-UNNAMED --add-opens=java.base/java.net=ALL-UNNAMED --add-opens=java.base/java.util.concurrent.atomic=ALL-UNNAMED -Xmx2048m -Dfile.encoding=UTF-8 -Duser.country=US -Duser.language=en -Duser.variant 
java_command: org.gradle.launcher.daemon.bootstrap.GradleDaemon 8.0
java_class_path (initial): C:\Users\hibae\.gradle\wrapper\dists\gradle-8.0-bin\ca5e32bp14vu59qr306oxotwh\gradle-8.0\lib\gradle-launcher-8.0.jar
Launcher Type: SUN_STANDARD

[Global flags]
     intx CICompilerCount                          = 4                                         {product} {ergonomic}
     uint ConcGCThreads                            = 2                                         {product} {ergonomic}
     uint G1ConcRefinementThreads                  = 8                                         {product} {ergonomic}
   size_t G1HeapRegionSize                         = 1048576                                   {product} {ergonomic}
    uintx GCDrainStackTargetSize                   = 64                                        {product} {ergonomic}
   size_t InitialHeapSize                          = 266338304                                 {product} {ergonomic}
   size_t MarkStackSize                            = 4194304                                   {product} {ergonomic}
   size_t MaxHeapSize                              = 2147483648                                {product} {command line}
   size_t MaxNewSize                               = 1287651328                                {product} {ergonomic}
   size_t MinHeapDeltaBytes                        = 1048576                                   {product} {ergonomic}
   size_t MinHeapSize                              = 8388608                                   {product} {ergonomic}
    uintx NonNMethodCodeHeapSize                   = 5839372                                {pd product} {ergonomic}
    uintx NonProfiledCodeHeapSize                  = 122909434                              {pd product} {ergonomic}
    uintx ProfiledCodeHeapSize                     = 122909434                              {pd product} {ergonomic}
    uintx ReservedCodeCacheSize                    = 251658240                              {pd product} {ergonomic}
     bool SegmentedCodeCache                       = true                                      {product} {ergonomic}
   size_t SoftMaxHeapSize                          = 2147483648                             {manageable} {ergonomic}
     bool UseCompressedClassPointers               = true                           {product lp64_product} {ergonomic}
     bool UseCompressedOops                        = true                           {product lp64_product} {ergonomic}
     bool UseG1GC                                  = true                                      {product} {ergonomic}
     bool UseLargePagesIndividualAllocation        = false                                  {pd product} {ergonomic}

Logging:
Log output configuration:
 #0: stdout all=warning uptime,level,tags
 #1: stderr all=off uptime,level,tags

Environment Variables:
PATH=C:\Program Files (x86)\Common Files\Intel\Shared Libraries\redist\intel64\compiler;C:\Program Files\Common Files\Oracle\Java\javapath;C:\Windows\system32;C:\Windows;C:\Windows\System32\Wbem;C:\Windows\System32\WindowsPowerShell\v1.0\;C:\Windows\System32\OpenSSH\;C:\Program Files (x86)\NVIDIA Corporation\PhysX\Common;C:\Program Files\NVIDIA Corporation\NVIDIA NvDLISR;C:\WINDOWS\system32;C:\WINDOWS;C:\WINDOWS\System32\Wbem;C:\WINDOWS\System32\WindowsPowerShell\v1.0\;C:\WINDOWS\System32\OpenSSH\;C:\Program Files\Microsoft VS Code\bin;C:\Program Files\Git\cmd;C:\Program Files\dotnet\;C:\Android;C:\Program Files\Common Files\Autodesk Shared\;C:\Program Files\Microsoft SQL Server\120\Tools\Binn\;C:\Program Files\Microsoft SQL Server\150\Tools\Binn\;C:\Program Files\NVIDIA Corporation\Nsight Compute 2023.1.0\;C:\Users\hibae\AppData\Roaming\.dotnet;C:\Users\hibae\AppData\Local\Microsoft\WindowsApps;C:\Program Files\msys64\mingw64\bin;C:\Users\hibae\.dotnet\tools;C:\Users\hibae\.dotnet\tools
USERNAME=hibae
OS=Windows_NT
PROCESSOR_IDENTIFIER=Intel64 Family 6 Model 126 Stepping 5, GenuineIntel
TMP=C:\Users\hibae\AppData\Local\Temp
TEMP=C:\Users\hibae\AppData\Local\Temp



---------------  S Y S T E M  ---------------

OS:
 Windows 10 , 64 bit Build 19041 (10.0.19041.2913)
OS uptime: 0 days 12:27 hours

CPU: total 8 (initial active 8) (4 cores per cpu, 2 threads per core) family 6 model 126 stepping 5 microcode 0xa6, cx8, cmov, fxsr, ht, mmx, 3dnowpref, sse, sse2, sse3, ssse3, sse4.1, sse4.2, popcnt, lzcnt, tsc, tscinvbit, avx, avx2, aes, erms, clmul, bmi1, bmi2, adx, avx512f, avx512dq, avx512cd, avx512bw, avx512vl, sha, fma, vzeroupper, avx512_vpopcntdq, avx512_vpclmulqdq, avx512_vaes, avx512_vnni, clflush, clflushopt, avx512_vbmi2, avx512_vbmi

Memory: 4k page, system-wide physical 16137M (3036M free)
TotalPageFile size 17137M (AvailPageFile size 30M)
current process WorkingSet (physical memory assigned to process): 363M, peak: 368M
current process commit charge ("private bytes"): 405M, peak: 455M

vm_info: OpenJDK 64-Bit Server VM (17.0.6+0-b2043.56-9586694) for windows-amd64 JRE (17.0.6+0-b2043.56-9586694), built on Feb  9 2023 20:06:20 by "androidbuild" with MS VC++ 16.10 / 16.11 (VS2019)

END.
